INFO 2024-08-17 16:25:43,973 autoreload 19788 17504 Watching for file changes with StatReloader
INFO 2024-09-10 11:46:01,991 autoreload 21792 24612 Watching for file changes with StatReloader
WARNING 2024-09-10 11:46:10,107 log 21792 15152 Not Found: /favicon.ico
DEBUG 2024-09-10 12:34:25,172 proactor_events 24724 28652 Using proactor: IocpProactor
DEBUG 2024-09-10 12:34:26,229 asyncio_helper 24724 28652 Request: method=get url=getMe params=<aiohttp.formdata.FormData object at 0x000002A2DE9DA160> files=None request_timeout=300 current_try=1
INFO 2024-09-10 12:34:26,229 async_telebot 24724 28652 Starting your bot with username: [@webtg_analytics_bot]
DEBUG 2024-09-10 12:34:46,319 asyncio_helper 24724 28652 Request: method=get url=getUpdates params=<aiohttp.formdata.FormData object at 0x000002A2DE99E0D0> files=None request_timeout=300 current_try=1
DEBUG 2024-09-10 12:35:06,423 asyncio_helper 24724 28652 Request: method=get url=getUpdates params=<aiohttp.formdata.FormData object at 0x000002A2DE9C4880> files=None request_timeout=300 current_try=1
DEBUG 2024-09-10 12:35:11,039 asyncio_helper 24724 28652 Request: method=get url=getUpdates params=<aiohttp.formdata.FormData object at 0x000002A2DE9C4880> files=None request_timeout=300 current_try=1
INFO 2024-09-10 12:35:11,042 async_telebot 24724 28652 Received 1 new updates
DEBUG 2024-09-10 12:35:11,044 async_telebot 24724 28652 Processing updates: {'update_id': 738748258, 'message': {'content_type': 'text', 'id': 3, 'message_id': 3, 'from_user': <telebot.types.User object at 0x000002A2DE99E0D0>, 'date': 1725960911, 'chat': <telebot.types.Chat object at 0x000002A2DE9C4880>, 'sender_chat': None, 'is_automatic_forward': None, 'reply_to_message': None, 'via_bot': None, 'edit_date': None, 'has_protected_content': None, 'media_group_id': None, 'author_signature': None, 'text': '/start', 'entities': [<telebot.types.MessageEntity object at 0x000002A2DE9C4790>], 'caption_entities': None, 'audio': None, 'document': None, 'photo': None, 'sticker': None, 'video': None, 'video_note': None, 'voice': None, 'caption': None, 'contact': None, 'location': None, 'venue': None, 'animation': None, 'dice': None, 'new_chat_members': None, 'left_chat_member': None, 'new_chat_title': None, 'new_chat_photo': None, 'delete_chat_photo': None, 'group_chat_created': None, 'supergroup_chat_created': None, 'channel_chat_created': None, 'migrate_to_chat_id': None, 'migrate_from_chat_id': None, 'pinned_message': None, 'invoice': None, 'successful_payment': None, 'connected_website': None, 'reply_markup': None, 'message_thread_id': None, 'is_topic_message': None, 'chat_background_set': None, 'forum_topic_created': None, 'forum_topic_closed': None, 'forum_topic_reopened': None, 'has_media_spoiler': None, 'forum_topic_edited': None, 'general_forum_topic_hidden': None, 'general_forum_topic_unhidden': None, 'write_access_allowed': None, 'users_shared': None, 'chat_shared': None, 'story': None, 'external_reply': None, 'quote': None, 'link_preview_options': None, 'giveaway_created': None, 'giveaway': None, 'giveaway_winners': None, 'giveaway_completed': None, 'forward_origin': None, 'boost_added': None, 'sender_boost_count': None, 'reply_to_story': None, 'sender_business_bot': None, 'business_connection_id': None, 'is_from_offline': None, 'effect_id': None, 'show_caption_above_media': None, 'paid_media': None, 'refunded_payment': None, 'proximity_alert_triggered': None, 'video_chat_scheduled': None, 'video_chat_started': None, 'video_chat_ended': None, 'video_chat_participants_invited': None, 'web_app_data': None, 'message_auto_delete_timer_changed': None, 'json': {'message_id': 3, 'from': {'id': 1081179210, 'is_bot': False, 'first_name': 'Anton', 'username': 'antony_work', 'language_code': 'ru'}, 'chat': {'id': 1081179210, 'first_name': 'Anton', 'username': 'antony_work', 'type': 'private'}, 'date': 1725960911, 'text': '/start', 'entities': [{'offset': 0, 'length': 6, 'type': 'bot_command'}]}}, 'edited_message': None, 'channel_post': None, 'edited_channel_post': None, 'inline_query': None, 'chosen_inline_result': None, 'callback_query': None, 'shipping_query': None, 'pre_checkout_query': None, 'poll': None, 'poll_answer': None, 'my_chat_member': None, 'chat_member': None, 'chat_join_request': None, 'message_reaction': None, 'message_reaction_count': None, 'removed_chat_boost': None, 'chat_boost': None, 'business_connection': None, 'business_message': None, 'edited_business_message': None, 'deleted_business_messages': None}
DEBUG 2024-09-10 12:35:11,453 asyncio_helper 24724 28652 Request: method=get url=sendMessage params=<aiohttp.formdata.FormData object at 0x000002A2DE9DADC0> files=None request_timeout=300 current_try=1
DEBUG 2024-09-10 12:35:31,136 asyncio_helper 24724 28652 Request: method=get url=getUpdates params=<aiohttp.formdata.FormData object at 0x000002A2DD4AFBB0> files=None request_timeout=300 current_try=1
DEBUG 2024-09-10 12:35:51,220 asyncio_helper 24724 28652 Request: method=get url=getUpdates params=<aiohttp.formdata.FormData object at 0x000002A2DE9C4910> files=None request_timeout=300 current_try=1
DEBUG 2024-09-10 12:36:11,304 asyncio_helper 24724 28652 Request: method=get url=getUpdates params=<aiohttp.formdata.FormData object at 0x000002A2DE9C4910> files=None request_timeout=300 current_try=1
DEBUG 2024-09-10 12:36:31,398 asyncio_helper 24724 28652 Request: method=get url=getUpdates params=<aiohttp.formdata.FormData object at 0x000002A2DE9C4910> files=None request_timeout=300 current_try=1
DEBUG 2024-09-10 12:36:51,479 asyncio_helper 24724 28652 Request: method=get url=getUpdates params=<aiohttp.formdata.FormData object at 0x000002A2DE9C4910> files=None request_timeout=300 current_try=1
DEBUG 2024-09-10 12:37:11,559 asyncio_helper 24724 28652 Request: method=get url=getUpdates params=<aiohttp.formdata.FormData object at 0x000002A2DE9C4910> files=None request_timeout=300 current_try=1
DEBUG 2024-09-10 12:37:31,647 asyncio_helper 24724 28652 Request: method=get url=getUpdates params=<aiohttp.formdata.FormData object at 0x000002A2DE9C4910> files=None request_timeout=300 current_try=1
DEBUG 2024-09-10 12:37:51,819 asyncio_helper 24724 28652 Request: method=get url=getUpdates params=<aiohttp.formdata.FormData object at 0x000002A2DE9C4910> files=None request_timeout=300 current_try=1
DEBUG 2024-09-10 12:38:11,899 asyncio_helper 24724 28652 Request: method=get url=getUpdates params=<aiohttp.formdata.FormData object at 0x000002A2DE9C4910> files=None request_timeout=300 current_try=1
WARNING 2024-09-10 12:38:18,393 async_telebot 24724 28652 Polling is stopped.
ERROR 2024-09-10 12:38:18,393 base_events 24724 28652 unhandled exception during asyncio.run() shutdown
task: <Task finished name='Task-1' coro=<AsyncTeleBot.infinity_polling() done, defined at C:\Users\User\AppData\Local\pypoetry\Cache\virtualenvs\django-telegram-L_fZ-PaS-py3.9\lib\site-packages\telebot\async_telebot.py:312> exception=TypeError("'>=' not supported between instances of 'str' and 'int'")>
Traceback (most recent call last):
  File "C:\Users\User\AppData\Local\Programs\Python\Python39\lib\asyncio\runners.py", line 44, in run
    return loop.run_until_complete(main)
  File "C:\Users\User\AppData\Local\Programs\Python\Python39\lib\asyncio\base_events.py", line 634, in run_until_complete
    self.run_forever()
  File "C:\Users\User\AppData\Local\Programs\Python\Python39\lib\asyncio\windows_events.py", line 321, in run_forever
    super().run_forever()
  File "C:\Users\User\AppData\Local\Programs\Python\Python39\lib\asyncio\base_events.py", line 601, in run_forever
    self._run_once()
  File "C:\Users\User\AppData\Local\Programs\Python\Python39\lib\asyncio\base_events.py", line 1869, in _run_once
    event_list = self._selector.select(timeout)
  File "C:\Users\User\AppData\Local\Programs\Python\Python39\lib\asyncio\windows_events.py", line 439, in select
    self._poll(timeout)
  File "C:\Users\User\AppData\Local\Programs\Python\Python39\lib\asyncio\windows_events.py", line 788, in _poll
    status = _overlapped.GetQueuedCompletionStatus(self._iocp, ms)
KeyboardInterrupt

During handling of the above exception, another exception occurred:

Traceback (most recent call last):
  File "C:\Users\User\AppData\Local\pypoetry\Cache\virtualenvs\django-telegram-L_fZ-PaS-py3.9\lib\site-packages\telebot\async_telebot.py", line 370, in infinity_polling
    if logger_level and logger_level >= logging.INFO:
TypeError: '>=' not supported between instances of 'str' and 'int'
DEBUG 2024-09-10 17:24:32,442 proactor_events 24716 13660 Using proactor: IocpProactor
DEBUG 2024-09-10 17:24:32,850 asyncio_helper 24716 13660 Request: method=get url=getMe params=<aiohttp.formdata.FormData object at 0x000001779AD00A60> files=None request_timeout=300 current_try=1
INFO 2024-09-10 17:24:32,850 async_telebot 24716 13660 Starting your bot with username: [@webtg_analytics_bot]
DEBUG 2024-09-10 17:24:52,923 asyncio_helper 24716 13660 Request: method=get url=getUpdates params=<aiohttp.formdata.FormData object at 0x000001779ACF8550> files=None request_timeout=300 current_try=1
DEBUG 2024-09-10 17:25:13,089 asyncio_helper 24716 13660 Request: method=get url=getUpdates params=<aiohttp.formdata.FormData object at 0x000001779ACF8550> files=None request_timeout=300 current_try=1
DEBUG 2024-09-10 17:25:33,161 asyncio_helper 24716 13660 Request: method=get url=getUpdates params=<aiohttp.formdata.FormData object at 0x000001779ACF8550> files=None request_timeout=300 current_try=1
DEBUG 2024-09-10 17:25:53,236 asyncio_helper 24716 13660 Request: method=get url=getUpdates params=<aiohttp.formdata.FormData object at 0x000001779ACF8550> files=None request_timeout=300 current_try=1
DEBUG 2024-09-10 17:26:13,412 asyncio_helper 24716 13660 Request: method=get url=getUpdates params=<aiohttp.formdata.FormData object at 0x000001779ACF8550> files=None request_timeout=300 current_try=1
DEBUG 2024-09-10 17:26:33,579 asyncio_helper 24716 13660 Request: method=get url=getUpdates params=<aiohttp.formdata.FormData object at 0x000001779ACF8550> files=None request_timeout=300 current_try=1
DEBUG 2024-09-10 17:26:43,518 asyncio_helper 24716 13660 Request: method=get url=getUpdates params=<aiohttp.formdata.FormData object at 0x000001779ACF8550> files=None request_timeout=300 current_try=1
INFO 2024-09-10 17:26:43,527 async_telebot 24716 13660 Received 1 new updates
DEBUG 2024-09-10 17:26:43,529 async_telebot 24716 13660 Processing updates: {'update_id': 738748259, 'message': {'content_type': 'text', 'id': 5, 'message_id': 5, 'from_user': <telebot.types.User object at 0x000001779ACF8700>, 'date': 1725978403, 'chat': <telebot.types.Chat object at 0x000001779ACE7FA0>, 'sender_chat': None, 'is_automatic_forward': None, 'reply_to_message': None, 'via_bot': None, 'edit_date': None, 'has_protected_content': None, 'media_group_id': None, 'author_signature': None, 'text': '/start', 'entities': [<telebot.types.MessageEntity object at 0x000001779ACE7FD0>], 'caption_entities': None, 'audio': None, 'document': None, 'photo': None, 'sticker': None, 'video': None, 'video_note': None, 'voice': None, 'caption': None, 'contact': None, 'location': None, 'venue': None, 'animation': None, 'dice': None, 'new_chat_members': None, 'left_chat_member': None, 'new_chat_title': None, 'new_chat_photo': None, 'delete_chat_photo': None, 'group_chat_created': None, 'supergroup_chat_created': None, 'channel_chat_created': None, 'migrate_to_chat_id': None, 'migrate_from_chat_id': None, 'pinned_message': None, 'invoice': None, 'successful_payment': None, 'connected_website': None, 'reply_markup': None, 'message_thread_id': None, 'is_topic_message': None, 'chat_background_set': None, 'forum_topic_created': None, 'forum_topic_closed': None, 'forum_topic_reopened': None, 'has_media_spoiler': None, 'forum_topic_edited': None, 'general_forum_topic_hidden': None, 'general_forum_topic_unhidden': None, 'write_access_allowed': None, 'users_shared': None, 'chat_shared': None, 'story': None, 'external_reply': None, 'quote': None, 'link_preview_options': None, 'giveaway_created': None, 'giveaway': None, 'giveaway_winners': None, 'giveaway_completed': None, 'forward_origin': None, 'boost_added': None, 'sender_boost_count': None, 'reply_to_story': None, 'sender_business_bot': None, 'business_connection_id': None, 'is_from_offline': None, 'effect_id': None, 'show_caption_above_media': None, 'paid_media': None, 'refunded_payment': None, 'proximity_alert_triggered': None, 'video_chat_scheduled': None, 'video_chat_started': None, 'video_chat_ended': None, 'video_chat_participants_invited': None, 'web_app_data': None, 'message_auto_delete_timer_changed': None, 'json': {'message_id': 5, 'from': {'id': 1081179210, 'is_bot': False, 'first_name': 'Anton', 'username': 'antony_work', 'language_code': 'ru'}, 'chat': {'id': 1081179210, 'first_name': 'Anton', 'username': 'antony_work', 'type': 'private'}, 'date': 1725978403, 'text': '/start', 'entities': [{'offset': 0, 'length': 6, 'type': 'bot_command'}]}}, 'edited_message': None, 'channel_post': None, 'edited_channel_post': None, 'inline_query': None, 'chosen_inline_result': None, 'callback_query': None, 'shipping_query': None, 'pre_checkout_query': None, 'poll': None, 'poll_answer': None, 'my_chat_member': None, 'chat_member': None, 'chat_join_request': None, 'message_reaction': None, 'message_reaction_count': None, 'removed_chat_boost': None, 'chat_boost': None, 'business_connection': None, 'business_message': None, 'edited_business_message': None, 'deleted_business_messages': None}
DEBUG 2024-09-10 17:26:43,923 asyncio_helper 24716 13660 Request: method=get url=sendMessage params=<aiohttp.formdata.FormData object at 0x000001779AD40220> files=None request_timeout=300 current_try=1
DEBUG 2024-09-10 17:27:03,687 asyncio_helper 24716 13660 Request: method=get url=getUpdates params=<aiohttp.formdata.FormData object at 0x000001779ACE7F70> files=None request_timeout=300 current_try=1
DEBUG 2024-09-10 17:27:23,752 asyncio_helper 24716 13660 Request: method=get url=getUpdates params=<aiohttp.formdata.FormData object at 0x000001779ACF8700> files=None request_timeout=300 current_try=1
DEBUG 2024-09-10 17:27:43,930 asyncio_helper 24716 13660 Request: method=get url=getUpdates params=<aiohttp.formdata.FormData object at 0x000001779ACE7F10> files=None request_timeout=300 current_try=1
DEBUG 2024-09-10 17:28:03,999 asyncio_helper 24716 13660 Request: method=get url=getUpdates params=<aiohttp.formdata.FormData object at 0x000001779ACF8550> files=None request_timeout=300 current_try=1
DEBUG 2024-09-10 17:28:24,069 asyncio_helper 24716 13660 Request: method=get url=getUpdates params=<aiohttp.formdata.FormData object at 0x000001779ACF8550> files=None request_timeout=300 current_try=1
DEBUG 2024-09-10 17:28:44,244 asyncio_helper 24716 13660 Request: method=get url=getUpdates params=<aiohttp.formdata.FormData object at 0x000001779ACF8550> files=None request_timeout=300 current_try=1
DEBUG 2024-09-10 17:29:04,316 asyncio_helper 24716 13660 Request: method=get url=getUpdates params=<aiohttp.formdata.FormData object at 0x000001779ACF8550> files=None request_timeout=300 current_try=1
DEBUG 2024-09-10 17:29:24,369 asyncio_helper 24716 13660 Request: method=get url=getUpdates params=<aiohttp.formdata.FormData object at 0x000001779ACF8550> files=None request_timeout=300 current_try=1
DEBUG 2024-09-10 17:29:44,457 asyncio_helper 24716 13660 Request: method=get url=getUpdates params=<aiohttp.formdata.FormData object at 0x000001779ACF8550> files=None request_timeout=300 current_try=1
DEBUG 2024-09-10 17:30:04,529 asyncio_helper 24716 13660 Request: method=get url=getUpdates params=<aiohttp.formdata.FormData object at 0x000001779ACF8550> files=None request_timeout=300 current_try=1
DEBUG 2024-09-10 17:30:24,699 asyncio_helper 24716 13660 Request: method=get url=getUpdates params=<aiohttp.formdata.FormData object at 0x000001779ACF8550> files=None request_timeout=300 current_try=1
DEBUG 2024-09-10 17:30:44,772 asyncio_helper 24716 13660 Request: method=get url=getUpdates params=<aiohttp.formdata.FormData object at 0x000001779ACF8550> files=None request_timeout=300 current_try=1
DEBUG 2024-09-10 17:31:04,853 asyncio_helper 24716 13660 Request: method=get url=getUpdates params=<aiohttp.formdata.FormData object at 0x000001779ACF8550> files=None request_timeout=300 current_try=1
DEBUG 2024-09-10 17:31:24,922 asyncio_helper 24716 13660 Request: method=get url=getUpdates params=<aiohttp.formdata.FormData object at 0x000001779ACF8550> files=None request_timeout=300 current_try=1
DEBUG 2024-09-10 17:31:45,087 asyncio_helper 24716 13660 Request: method=get url=getUpdates params=<aiohttp.formdata.FormData object at 0x000001779ACF8550> files=None request_timeout=300 current_try=1
DEBUG 2024-09-10 17:32:05,153 asyncio_helper 24716 13660 Request: method=get url=getUpdates params=<aiohttp.formdata.FormData object at 0x000001779ACF8550> files=None request_timeout=300 current_try=1
DEBUG 2024-09-10 17:32:25,226 asyncio_helper 24716 13660 Request: method=get url=getUpdates params=<aiohttp.formdata.FormData object at 0x000001779ACF8550> files=None request_timeout=300 current_try=1
DEBUG 2024-09-10 17:32:45,296 asyncio_helper 24716 13660 Request: method=get url=getUpdates params=<aiohttp.formdata.FormData object at 0x000001779ACF8550> files=None request_timeout=300 current_try=1
DEBUG 2024-09-10 17:33:05,469 asyncio_helper 24716 13660 Request: method=get url=getUpdates params=<aiohttp.formdata.FormData object at 0x000001779ACF8550> files=None request_timeout=300 current_try=1
DEBUG 2024-09-10 17:33:25,542 asyncio_helper 24716 13660 Request: method=get url=getUpdates params=<aiohttp.formdata.FormData object at 0x000001779ACF8550> files=None request_timeout=300 current_try=1
DEBUG 2024-09-10 17:33:45,605 asyncio_helper 24716 13660 Request: method=get url=getUpdates params=<aiohttp.formdata.FormData object at 0x000001779ACF8550> files=None request_timeout=300 current_try=1
DEBUG 2024-09-10 17:34:05,684 asyncio_helper 24716 13660 Request: method=get url=getUpdates params=<aiohttp.formdata.FormData object at 0x000001779ACF8550> files=None request_timeout=300 current_try=1
DEBUG 2024-09-10 17:34:25,754 asyncio_helper 24716 13660 Request: method=get url=getUpdates params=<aiohttp.formdata.FormData object at 0x000001779ACF8550> files=None request_timeout=300 current_try=1
DEBUG 2024-09-10 17:34:45,925 asyncio_helper 24716 13660 Request: method=get url=getUpdates params=<aiohttp.formdata.FormData object at 0x000001779ACF8550> files=None request_timeout=300 current_try=1
DEBUG 2024-09-10 17:35:05,999 asyncio_helper 24716 13660 Request: method=get url=getUpdates params=<aiohttp.formdata.FormData object at 0x000001779ACF8550> files=None request_timeout=300 current_try=1
DEBUG 2024-09-10 17:35:26,051 asyncio_helper 24716 13660 Request: method=get url=getUpdates params=<aiohttp.formdata.FormData object at 0x000001779ACF8550> files=None request_timeout=300 current_try=1
DEBUG 2024-09-10 17:35:46,139 asyncio_helper 24716 13660 Request: method=get url=getUpdates params=<aiohttp.formdata.FormData object at 0x000001779ACF8550> files=None request_timeout=300 current_try=1
DEBUG 2024-09-10 17:36:06,307 asyncio_helper 24716 13660 Request: method=get url=getUpdates params=<aiohttp.formdata.FormData object at 0x000001779ACF8550> files=None request_timeout=300 current_try=1
DEBUG 2024-09-10 17:36:26,401 asyncio_helper 24716 13660 Request: method=get url=getUpdates params=<aiohttp.formdata.FormData object at 0x000001779ACF8550> files=None request_timeout=300 current_try=1
DEBUG 2024-09-10 17:36:46,509 asyncio_helper 24716 13660 Request: method=get url=getUpdates params=<aiohttp.formdata.FormData object at 0x000001779ACF8550> files=None request_timeout=300 current_try=1
DEBUG 2024-09-10 17:37:06,574 asyncio_helper 24716 13660 Request: method=get url=getUpdates params=<aiohttp.formdata.FormData object at 0x000001779ACF8550> files=None request_timeout=300 current_try=1
DEBUG 2024-09-10 17:37:26,632 asyncio_helper 24716 13660 Request: method=get url=getUpdates params=<aiohttp.formdata.FormData object at 0x000001779ACF8550> files=None request_timeout=300 current_try=1
DEBUG 2024-09-10 17:37:46,688 asyncio_helper 24716 13660 Request: method=get url=getUpdates params=<aiohttp.formdata.FormData object at 0x000001779ACF8550> files=None request_timeout=300 current_try=1
DEBUG 2024-09-10 17:38:06,780 asyncio_helper 24716 13660 Request: method=get url=getUpdates params=<aiohttp.formdata.FormData object at 0x000001779ACF8550> files=None request_timeout=300 current_try=1
DEBUG 2024-09-10 17:38:26,841 asyncio_helper 24716 13660 Request: method=get url=getUpdates params=<aiohttp.formdata.FormData object at 0x000001779ACF8550> files=None request_timeout=300 current_try=1
DEBUG 2024-09-10 17:38:46,925 asyncio_helper 24716 13660 Request: method=get url=getUpdates params=<aiohttp.formdata.FormData object at 0x000001779ACF8550> files=None request_timeout=300 current_try=1
DEBUG 2024-09-10 17:39:06,980 asyncio_helper 24716 13660 Request: method=get url=getUpdates params=<aiohttp.formdata.FormData object at 0x000001779ACF8550> files=None request_timeout=300 current_try=1
DEBUG 2024-09-10 17:39:27,035 asyncio_helper 24716 13660 Request: method=get url=getUpdates params=<aiohttp.formdata.FormData object at 0x000001779ACF8550> files=None request_timeout=300 current_try=1
DEBUG 2024-09-10 17:39:47,078 asyncio_helper 24716 13660 Request: method=get url=getUpdates params=<aiohttp.formdata.FormData object at 0x000001779ACF8550> files=None request_timeout=300 current_try=1
DEBUG 2024-09-10 17:40:07,152 asyncio_helper 24716 13660 Request: method=get url=getUpdates params=<aiohttp.formdata.FormData object at 0x000001779ACF8550> files=None request_timeout=300 current_try=1
DEBUG 2024-09-10 17:40:09,142 asyncio_helper 24716 13660 Request: method=get url=getUpdates params=<aiohttp.formdata.FormData object at 0x000001779ACF8550> files=None request_timeout=300 current_try=1
INFO 2024-09-10 17:40:09,146 async_telebot 24716 13660 Received 1 new updates
DEBUG 2024-09-10 17:40:09,147 async_telebot 24716 13660 Processing updates: {'update_id': 738748260, 'message': None, 'edited_message': None, 'channel_post': None, 'edited_channel_post': None, 'inline_query': None, 'chosen_inline_result': None, 'callback_query': None, 'shipping_query': None, 'pre_checkout_query': None, 'poll': None, 'poll_answer': None, 'my_chat_member': {'chat': <telebot.types.Chat object at 0x000001779ACF8700>, 'from_user': <telebot.types.User object at 0x000001779ACE7FD0>, 'date': 1725979209, 'old_chat_member': <telebot.types.ChatMemberLeft object at 0x000001779ACE7F70>, 'new_chat_member': <telebot.types.ChatMemberAdministrator object at 0x000001779AD046A0>, 'invite_link': None, 'via_join_request': None, 'via_chat_folder_invite_link': None}, 'chat_member': None, 'chat_join_request': None, 'message_reaction': None, 'message_reaction_count': None, 'removed_chat_boost': None, 'chat_boost': None, 'business_connection': None, 'business_message': None, 'edited_business_message': None, 'deleted_business_messages': None}
DEBUG 2024-09-10 17:40:29,204 asyncio_helper 24716 13660 Request: method=get url=getUpdates params=<aiohttp.formdata.FormData object at 0x000001779AD04CD0> files=None request_timeout=300 current_try=1
WARNING 2024-09-10 17:40:31,278 async_telebot 24716 13660 Polling is stopped.
ERROR 2024-09-10 17:40:31,278 base_events 24716 13660 unhandled exception during asyncio.run() shutdown
task: <Task finished name='Task-1' coro=<AsyncTeleBot.infinity_polling() done, defined at C:\Users\User\AppData\Local\pypoetry\Cache\virtualenvs\django-telegram-L_fZ-PaS-py3.9\lib\site-packages\telebot\async_telebot.py:312> exception=TypeError("'>=' not supported between instances of 'str' and 'int'")>
Traceback (most recent call last):
  File "C:\Users\User\AppData\Local\Programs\Python\Python39\lib\asyncio\runners.py", line 44, in run
    return loop.run_until_complete(main)
  File "C:\Users\User\AppData\Local\Programs\Python\Python39\lib\asyncio\base_events.py", line 634, in run_until_complete
    self.run_forever()
  File "C:\Users\User\AppData\Local\Programs\Python\Python39\lib\asyncio\windows_events.py", line 321, in run_forever
    super().run_forever()
  File "C:\Users\User\AppData\Local\Programs\Python\Python39\lib\asyncio\base_events.py", line 601, in run_forever
    self._run_once()
  File "C:\Users\User\AppData\Local\Programs\Python\Python39\lib\asyncio\base_events.py", line 1869, in _run_once
    event_list = self._selector.select(timeout)
  File "C:\Users\User\AppData\Local\Programs\Python\Python39\lib\asyncio\windows_events.py", line 439, in select
    self._poll(timeout)
  File "C:\Users\User\AppData\Local\Programs\Python\Python39\lib\asyncio\windows_events.py", line 788, in _poll
    status = _overlapped.GetQueuedCompletionStatus(self._iocp, ms)
KeyboardInterrupt

During handling of the above exception, another exception occurred:

Traceback (most recent call last):
  File "C:\Users\User\AppData\Local\pypoetry\Cache\virtualenvs\django-telegram-L_fZ-PaS-py3.9\lib\site-packages\telebot\async_telebot.py", line 370, in infinity_polling
    if logger_level and logger_level >= logging.INFO:
TypeError: '>=' not supported between instances of 'str' and 'int'
DEBUG 2024-09-10 17:40:38,773 proactor_events 32936 19572 Using proactor: IocpProactor
DEBUG 2024-09-10 17:40:38,979 asyncio_helper 32936 19572 Request: method=get url=getMe params=<aiohttp.formdata.FormData object at 0x00000245CA3907C0> files=None request_timeout=300 current_try=1
INFO 2024-09-10 17:40:38,979 async_telebot 32936 19572 Starting your bot with username: [@webtg_analytics_bot]
DEBUG 2024-09-10 17:40:59,082 asyncio_helper 32936 19572 Request: method=get url=getUpdates params=<aiohttp.formdata.FormData object at 0x00000245CA387D90> files=None request_timeout=300 current_try=1
WARNING 2024-09-10 17:41:14,683 async_telebot 32936 19572 Polling is stopped.
ERROR 2024-09-10 17:41:14,690 base_events 32936 19572 unhandled exception during asyncio.run() shutdown
task: <Task finished name='Task-1' coro=<AsyncTeleBot.infinity_polling() done, defined at C:\Users\User\AppData\Local\pypoetry\Cache\virtualenvs\django-telegram-L_fZ-PaS-py3.9\lib\site-packages\telebot\async_telebot.py:312> exception=TypeError("'>=' not supported between instances of 'str' and 'int'")>
Traceback (most recent call last):
  File "C:\Users\User\AppData\Local\Programs\Python\Python39\lib\asyncio\runners.py", line 44, in run
    return loop.run_until_complete(main)
  File "C:\Users\User\AppData\Local\Programs\Python\Python39\lib\asyncio\base_events.py", line 634, in run_until_complete
    self.run_forever()
  File "C:\Users\User\AppData\Local\Programs\Python\Python39\lib\asyncio\windows_events.py", line 321, in run_forever
    super().run_forever()
  File "C:\Users\User\AppData\Local\Programs\Python\Python39\lib\asyncio\base_events.py", line 601, in run_forever
    self._run_once()
  File "C:\Users\User\AppData\Local\Programs\Python\Python39\lib\asyncio\base_events.py", line 1869, in _run_once
    event_list = self._selector.select(timeout)
  File "C:\Users\User\AppData\Local\Programs\Python\Python39\lib\asyncio\windows_events.py", line 439, in select
    self._poll(timeout)
  File "C:\Users\User\AppData\Local\Programs\Python\Python39\lib\asyncio\windows_events.py", line 788, in _poll
    status = _overlapped.GetQueuedCompletionStatus(self._iocp, ms)
KeyboardInterrupt

During handling of the above exception, another exception occurred:

Traceback (most recent call last):
  File "C:\Users\User\AppData\Local\pypoetry\Cache\virtualenvs\django-telegram-L_fZ-PaS-py3.9\lib\site-packages\telebot\async_telebot.py", line 370, in infinity_polling
    if logger_level and logger_level >= logging.INFO:
TypeError: '>=' not supported between instances of 'str' and 'int'
DEBUG 2024-09-10 17:41:23,036 proactor_events 32508 32908 Using proactor: IocpProactor
DEBUG 2024-09-10 17:41:23,241 asyncio_helper 32508 32908 Request: method=get url=getMe params=<aiohttp.formdata.FormData object at 0x000001DFB8F2F9D0> files=None request_timeout=300 current_try=1
INFO 2024-09-10 17:41:23,241 async_telebot 32508 32908 Starting your bot with username: [@webtg_analytics_bot]
DEBUG 2024-09-10 17:41:43,307 asyncio_helper 32508 32908 Request: method=get url=getUpdates params=<aiohttp.formdata.FormData object at 0x000001DFB8F289A0> files=None request_timeout=300 current_try=1
DEBUG 2024-09-10 17:42:03,437 asyncio_helper 32508 32908 Request: method=get url=getUpdates params=<aiohttp.formdata.FormData object at 0x000001DFB8F289A0> files=None request_timeout=300 current_try=1
DEBUG 2024-09-10 17:42:23,504 asyncio_helper 32508 32908 Request: method=get url=getUpdates params=<aiohttp.formdata.FormData object at 0x000001DFB8F289A0> files=None request_timeout=300 current_try=1
DEBUG 2024-09-10 17:42:43,560 asyncio_helper 32508 32908 Request: method=get url=getUpdates params=<aiohttp.formdata.FormData object at 0x000001DFB8F289A0> files=None request_timeout=300 current_try=1
DEBUG 2024-09-10 17:43:03,625 asyncio_helper 32508 32908 Request: method=get url=getUpdates params=<aiohttp.formdata.FormData object at 0x000001DFB8F289A0> files=None request_timeout=300 current_try=1
DEBUG 2024-09-10 17:43:23,750 asyncio_helper 32508 32908 Request: method=get url=getUpdates params=<aiohttp.formdata.FormData object at 0x000001DFB8F289A0> files=None request_timeout=300 current_try=1
DEBUG 2024-09-10 17:43:43,803 asyncio_helper 32508 32908 Request: method=get url=getUpdates params=<aiohttp.formdata.FormData object at 0x000001DFB8F289A0> files=None request_timeout=300 current_try=1
WARNING 2024-09-10 17:43:51,207 async_telebot 32508 32908 Polling is stopped.
ERROR 2024-09-10 17:43:51,207 base_events 32508 32908 unhandled exception during asyncio.run() shutdown
task: <Task finished name='Task-1' coro=<AsyncTeleBot.infinity_polling() done, defined at C:\Users\User\AppData\Local\pypoetry\Cache\virtualenvs\django-telegram-L_fZ-PaS-py3.9\lib\site-packages\telebot\async_telebot.py:312> exception=TypeError("'>=' not supported between instances of 'str' and 'int'")>
Traceback (most recent call last):
  File "C:\Users\User\AppData\Local\Programs\Python\Python39\lib\asyncio\runners.py", line 44, in run
    return loop.run_until_complete(main)
  File "C:\Users\User\AppData\Local\Programs\Python\Python39\lib\asyncio\base_events.py", line 634, in run_until_complete
    self.run_forever()
  File "C:\Users\User\AppData\Local\Programs\Python\Python39\lib\asyncio\windows_events.py", line 321, in run_forever
    super().run_forever()
  File "C:\Users\User\AppData\Local\Programs\Python\Python39\lib\asyncio\base_events.py", line 601, in run_forever
    self._run_once()
  File "C:\Users\User\AppData\Local\Programs\Python\Python39\lib\asyncio\base_events.py", line 1869, in _run_once
    event_list = self._selector.select(timeout)
  File "C:\Users\User\AppData\Local\Programs\Python\Python39\lib\asyncio\windows_events.py", line 439, in select
    self._poll(timeout)
  File "C:\Users\User\AppData\Local\Programs\Python\Python39\lib\asyncio\windows_events.py", line 788, in _poll
    status = _overlapped.GetQueuedCompletionStatus(self._iocp, ms)
KeyboardInterrupt

During handling of the above exception, another exception occurred:

Traceback (most recent call last):
  File "C:\Users\User\AppData\Local\pypoetry\Cache\virtualenvs\django-telegram-L_fZ-PaS-py3.9\lib\site-packages\telebot\async_telebot.py", line 370, in infinity_polling
    if logger_level and logger_level >= logging.INFO:
TypeError: '>=' not supported between instances of 'str' and 'int'
DEBUG 2024-09-10 17:44:29,884 proactor_events 16820 32460 Using proactor: IocpProactor
DEBUG 2024-09-10 17:44:30,071 asyncio_helper 16820 32460 Request: method=get url=getMe params=<aiohttp.formdata.FormData object at 0x00000129E1D30A30> files=None request_timeout=300 current_try=1
INFO 2024-09-10 17:44:30,071 async_telebot 16820 32460 Starting your bot with username: [@webtg_analytics_bot]
DEBUG 2024-09-10 17:44:44,992 asyncio_helper 16820 32460 Request: method=get url=getUpdates params=<aiohttp.formdata.FormData object at 0x00000129E1D28520> files=None request_timeout=300 current_try=1
INFO 2024-09-10 17:44:44,994 async_telebot 16820 32460 Received 1 new updates
DEBUG 2024-09-10 17:44:44,995 async_telebot 16820 32460 Processing updates: {'update_id': 738748261, 'message': {'content_type': 'text', 'id': 7, 'message_id': 7, 'from_user': <telebot.types.User object at 0x00000129E1D286D0>, 'date': 1725979485, 'chat': <telebot.types.Chat object at 0x00000129E1D34CA0>, 'sender_chat': None, 'is_automatic_forward': None, 'reply_to_message': None, 'via_bot': None, 'edit_date': None, 'has_protected_content': None, 'media_group_id': None, 'author_signature': None, 'text': '/start', 'entities': [<telebot.types.MessageEntity object at 0x00000129E1D34790>], 'caption_entities': None, 'audio': None, 'document': None, 'photo': None, 'sticker': None, 'video': None, 'video_note': None, 'voice': None, 'caption': None, 'contact': None, 'location': None, 'venue': None, 'animation': None, 'dice': None, 'new_chat_members': None, 'left_chat_member': None, 'new_chat_title': None, 'new_chat_photo': None, 'delete_chat_photo': None, 'group_chat_created': None, 'supergroup_chat_created': None, 'channel_chat_created': None, 'migrate_to_chat_id': None, 'migrate_from_chat_id': None, 'pinned_message': None, 'invoice': None, 'successful_payment': None, 'connected_website': None, 'reply_markup': None, 'message_thread_id': None, 'is_topic_message': None, 'chat_background_set': None, 'forum_topic_created': None, 'forum_topic_closed': None, 'forum_topic_reopened': None, 'has_media_spoiler': None, 'forum_topic_edited': None, 'general_forum_topic_hidden': None, 'general_forum_topic_unhidden': None, 'write_access_allowed': None, 'users_shared': None, 'chat_shared': None, 'story': None, 'external_reply': None, 'quote': None, 'link_preview_options': None, 'giveaway_created': None, 'giveaway': None, 'giveaway_winners': None, 'giveaway_completed': None, 'forward_origin': None, 'boost_added': None, 'sender_boost_count': None, 'reply_to_story': None, 'sender_business_bot': None, 'business_connection_id': None, 'is_from_offline': None, 'effect_id': None, 'show_caption_above_media': None, 'paid_media': None, 'refunded_payment': None, 'proximity_alert_triggered': None, 'video_chat_scheduled': None, 'video_chat_started': None, 'video_chat_ended': None, 'video_chat_participants_invited': None, 'web_app_data': None, 'message_auto_delete_timer_changed': None, 'json': {'message_id': 7, 'from': {'id': 1081179210, 'is_bot': False, 'first_name': 'Anton', 'username': 'antony_work', 'language_code': 'ru'}, 'chat': {'id': 1081179210, 'first_name': 'Anton', 'username': 'antony_work', 'type': 'private'}, 'date': 1725979485, 'text': '/start', 'entities': [{'offset': 0, 'length': 6, 'type': 'bot_command'}]}}, 'edited_message': None, 'channel_post': None, 'edited_channel_post': None, 'inline_query': None, 'chosen_inline_result': None, 'callback_query': None, 'shipping_query': None, 'pre_checkout_query': None, 'poll': None, 'poll_answer': None, 'my_chat_member': None, 'chat_member': None, 'chat_join_request': None, 'message_reaction': None, 'message_reaction_count': None, 'removed_chat_boost': None, 'chat_boost': None, 'business_connection': None, 'business_message': None, 'edited_business_message': None, 'deleted_business_messages': None}
ERROR 2024-09-10 17:44:44,997 async_telebot 16820 32460 'int' object has no attribute 'message_id'
DEBUG 2024-09-10 17:44:45,001 async_telebot 16820 32460 Exception traceback:
Traceback (most recent call last):
  File "C:\Users\User\AppData\Local\pypoetry\Cache\virtualenvs\django-telegram-L_fZ-PaS-py3.9\lib\site-packages\telebot\async_telebot.py", line 551, in _run_middlewares_and_handlers
    result = await handler['function'](message)
  File "C:\Users\User\Desktop\DjangoWEB_TG\Django_Telegram\webtelegram\apps\bot\main_bot.py", line 19, in send_welcome
    await bot.reply_to(message.chat.id, 'Hi, I am EchoBot.\nJust write me something and I will repeat it!')
  File "C:\Users\User\AppData\Local\pypoetry\Cache\virtualenvs\django-telegram-L_fZ-PaS-py3.9\lib\site-packages\telebot\async_telebot.py", line 7055, in reply_to
    message.message_id,
AttributeError: 'int' object has no attribute 'message_id'

DEBUG 2024-09-10 17:45:05,044 asyncio_helper 16820 32460 Request: method=get url=getUpdates params=<aiohttp.formdata.FormData object at 0x00000129E1D34E50> files=None request_timeout=300 current_try=1
DEBUG 2024-09-10 17:45:25,093 asyncio_helper 16820 32460 Request: method=get url=getUpdates params=<aiohttp.formdata.FormData object at 0x00000129E1D1CF40> files=None request_timeout=300 current_try=1
DEBUG 2024-09-10 17:45:45,144 asyncio_helper 16820 32460 Request: method=get url=getUpdates params=<aiohttp.formdata.FormData object at 0x00000129E1D34E50> files=None request_timeout=300 current_try=1
WARNING 2024-09-10 17:45:51,447 async_telebot 16820 32460 Polling is stopped.
ERROR 2024-09-10 17:45:51,447 base_events 16820 32460 unhandled exception during asyncio.run() shutdown
task: <Task finished name='Task-1' coro=<AsyncTeleBot.infinity_polling() done, defined at C:\Users\User\AppData\Local\pypoetry\Cache\virtualenvs\django-telegram-L_fZ-PaS-py3.9\lib\site-packages\telebot\async_telebot.py:312> exception=TypeError("'>=' not supported between instances of 'str' and 'int'")>
Traceback (most recent call last):
  File "C:\Users\User\AppData\Local\Programs\Python\Python39\lib\asyncio\runners.py", line 44, in run
    return loop.run_until_complete(main)
  File "C:\Users\User\AppData\Local\Programs\Python\Python39\lib\asyncio\base_events.py", line 634, in run_until_complete
    self.run_forever()
  File "C:\Users\User\AppData\Local\Programs\Python\Python39\lib\asyncio\windows_events.py", line 321, in run_forever
    super().run_forever()
  File "C:\Users\User\AppData\Local\Programs\Python\Python39\lib\asyncio\base_events.py", line 601, in run_forever
    self._run_once()
  File "C:\Users\User\AppData\Local\Programs\Python\Python39\lib\asyncio\base_events.py", line 1869, in _run_once
    event_list = self._selector.select(timeout)
  File "C:\Users\User\AppData\Local\Programs\Python\Python39\lib\asyncio\windows_events.py", line 439, in select
    self._poll(timeout)
  File "C:\Users\User\AppData\Local\Programs\Python\Python39\lib\asyncio\windows_events.py", line 788, in _poll
    status = _overlapped.GetQueuedCompletionStatus(self._iocp, ms)
KeyboardInterrupt

During handling of the above exception, another exception occurred:

Traceback (most recent call last):
  File "C:\Users\User\AppData\Local\pypoetry\Cache\virtualenvs\django-telegram-L_fZ-PaS-py3.9\lib\site-packages\telebot\async_telebot.py", line 370, in infinity_polling
    if logger_level and logger_level >= logging.INFO:
TypeError: '>=' not supported between instances of 'str' and 'int'
DEBUG 2024-09-10 17:45:53,988 proactor_events 11292 33728 Using proactor: IocpProactor
DEBUG 2024-09-10 17:45:54,211 asyncio_helper 11292 33728 Request: method=get url=getMe params=<aiohttp.formdata.FormData object at 0x0000012F5C670A30> files=None request_timeout=300 current_try=1
INFO 2024-09-10 17:45:54,211 async_telebot 11292 33728 Starting your bot with username: [@webtg_analytics_bot]
DEBUG 2024-09-10 17:45:57,696 asyncio_helper 11292 33728 Request: method=get url=getUpdates params=<aiohttp.formdata.FormData object at 0x0000012F5C667520> files=None request_timeout=300 current_try=1
INFO 2024-09-10 17:45:57,696 async_telebot 11292 33728 Received 1 new updates
DEBUG 2024-09-10 17:45:57,696 async_telebot 11292 33728 Processing updates: {'update_id': 738748262, 'message': {'content_type': 'text', 'id': 8, 'message_id': 8, 'from_user': <telebot.types.User object at 0x0000012F5C6676D0>, 'date': 1725979558, 'chat': <telebot.types.Chat object at 0x0000012F5C675D90>, 'sender_chat': None, 'is_automatic_forward': None, 'reply_to_message': None, 'via_bot': None, 'edit_date': None, 'has_protected_content': None, 'media_group_id': None, 'author_signature': None, 'text': '/start', 'entities': [<telebot.types.MessageEntity object at 0x0000012F5C675790>], 'caption_entities': None, 'audio': None, 'document': None, 'photo': None, 'sticker': None, 'video': None, 'video_note': None, 'voice': None, 'caption': None, 'contact': None, 'location': None, 'venue': None, 'animation': None, 'dice': None, 'new_chat_members': None, 'left_chat_member': None, 'new_chat_title': None, 'new_chat_photo': None, 'delete_chat_photo': None, 'group_chat_created': None, 'supergroup_chat_created': None, 'channel_chat_created': None, 'migrate_to_chat_id': None, 'migrate_from_chat_id': None, 'pinned_message': None, 'invoice': None, 'successful_payment': None, 'connected_website': None, 'reply_markup': None, 'message_thread_id': None, 'is_topic_message': None, 'chat_background_set': None, 'forum_topic_created': None, 'forum_topic_closed': None, 'forum_topic_reopened': None, 'has_media_spoiler': None, 'forum_topic_edited': None, 'general_forum_topic_hidden': None, 'general_forum_topic_unhidden': None, 'write_access_allowed': None, 'users_shared': None, 'chat_shared': None, 'story': None, 'external_reply': None, 'quote': None, 'link_preview_options': None, 'giveaway_created': None, 'giveaway': None, 'giveaway_winners': None, 'giveaway_completed': None, 'forward_origin': None, 'boost_added': None, 'sender_boost_count': None, 'reply_to_story': None, 'sender_business_bot': None, 'business_connection_id': None, 'is_from_offline': None, 'effect_id': None, 'show_caption_above_media': None, 'paid_media': None, 'refunded_payment': None, 'proximity_alert_triggered': None, 'video_chat_scheduled': None, 'video_chat_started': None, 'video_chat_ended': None, 'video_chat_participants_invited': None, 'web_app_data': None, 'message_auto_delete_timer_changed': None, 'json': {'message_id': 8, 'from': {'id': 1081179210, 'is_bot': False, 'first_name': 'Anton', 'username': 'antony_work', 'language_code': 'ru'}, 'chat': {'id': 1081179210, 'first_name': 'Anton', 'username': 'antony_work', 'type': 'private'}, 'date': 1725979558, 'text': '/start', 'entities': [{'offset': 0, 'length': 6, 'type': 'bot_command'}]}}, 'edited_message': None, 'channel_post': None, 'edited_channel_post': None, 'inline_query': None, 'chosen_inline_result': None, 'callback_query': None, 'shipping_query': None, 'pre_checkout_query': None, 'poll': None, 'poll_answer': None, 'my_chat_member': None, 'chat_member': None, 'chat_join_request': None, 'message_reaction': None, 'message_reaction_count': None, 'removed_chat_boost': None, 'chat_boost': None, 'business_connection': None, 'business_message': None, 'edited_business_message': None, 'deleted_business_messages': None}
ERROR 2024-09-10 17:45:57,696 async_telebot 11292 33728 'int' object has no attribute 'message_id'
DEBUG 2024-09-10 17:45:57,715 async_telebot 11292 33728 Exception traceback:
Traceback (most recent call last):
  File "C:\Users\User\AppData\Local\pypoetry\Cache\virtualenvs\django-telegram-L_fZ-PaS-py3.9\lib\site-packages\telebot\async_telebot.py", line 551, in _run_middlewares_and_handlers
    result = await handler['function'](message)
  File "C:\Users\User\Desktop\DjangoWEB_TG\Django_Telegram\webtelegram\apps\bot\main_bot.py", line 19, in send_welcome
    await bot.reply_to(message.chat.id, str('Hi, I am EchoBot.\nJust write me something and I will repeat it!'))
  File "C:\Users\User\AppData\Local\pypoetry\Cache\virtualenvs\django-telegram-L_fZ-PaS-py3.9\lib\site-packages\telebot\async_telebot.py", line 7055, in reply_to
    message.message_id,
AttributeError: 'int' object has no attribute 'message_id'

DEBUG 2024-09-10 17:46:17,758 asyncio_helper 11292 33728 Request: method=get url=getUpdates params=<aiohttp.formdata.FormData object at 0x0000012F5C675E50> files=None request_timeout=300 current_try=1
DEBUG 2024-09-10 17:46:37,813 asyncio_helper 11292 33728 Request: method=get url=getUpdates params=<aiohttp.formdata.FormData object at 0x0000012F5C657F40> files=None request_timeout=300 current_try=1
WARNING 2024-09-10 17:46:55,398 async_telebot 11292 33728 Polling is stopped.
ERROR 2024-09-10 17:46:55,400 base_events 11292 33728 unhandled exception during asyncio.run() shutdown
task: <Task finished name='Task-1' coro=<AsyncTeleBot.infinity_polling() done, defined at C:\Users\User\AppData\Local\pypoetry\Cache\virtualenvs\django-telegram-L_fZ-PaS-py3.9\lib\site-packages\telebot\async_telebot.py:312> exception=TypeError("'>=' not supported between instances of 'str' and 'int'")>
Traceback (most recent call last):
  File "C:\Users\User\AppData\Local\Programs\Python\Python39\lib\asyncio\runners.py", line 44, in run
    return loop.run_until_complete(main)
  File "C:\Users\User\AppData\Local\Programs\Python\Python39\lib\asyncio\base_events.py", line 634, in run_until_complete
    self.run_forever()
  File "C:\Users\User\AppData\Local\Programs\Python\Python39\lib\asyncio\windows_events.py", line 321, in run_forever
    super().run_forever()
  File "C:\Users\User\AppData\Local\Programs\Python\Python39\lib\asyncio\base_events.py", line 601, in run_forever
    self._run_once()
  File "C:\Users\User\AppData\Local\Programs\Python\Python39\lib\asyncio\base_events.py", line 1869, in _run_once
    event_list = self._selector.select(timeout)
  File "C:\Users\User\AppData\Local\Programs\Python\Python39\lib\asyncio\windows_events.py", line 439, in select
    self._poll(timeout)
  File "C:\Users\User\AppData\Local\Programs\Python\Python39\lib\asyncio\windows_events.py", line 788, in _poll
    status = _overlapped.GetQueuedCompletionStatus(self._iocp, ms)
KeyboardInterrupt

During handling of the above exception, another exception occurred:

Traceback (most recent call last):
  File "C:\Users\User\AppData\Local\pypoetry\Cache\virtualenvs\django-telegram-L_fZ-PaS-py3.9\lib\site-packages\telebot\async_telebot.py", line 370, in infinity_polling
    if logger_level and logger_level >= logging.INFO:
TypeError: '>=' not supported between instances of 'str' and 'int'
DEBUG 2024-09-10 17:46:57,874 proactor_events 22908 12816 Using proactor: IocpProactor
DEBUG 2024-09-10 17:46:58,058 asyncio_helper 22908 12816 Request: method=get url=getMe params=<aiohttp.formdata.FormData object at 0x000001C9CB8509D0> files=None request_timeout=300 current_try=1
INFO 2024-09-10 17:46:58,074 async_telebot 22908 12816 Starting your bot with username: [@webtg_analytics_bot]
DEBUG 2024-09-10 17:47:00,607 asyncio_helper 22908 12816 Request: method=get url=getUpdates params=<aiohttp.formdata.FormData object at 0x000001C9CB8479A0> files=None request_timeout=300 current_try=1
INFO 2024-09-10 17:47:00,609 async_telebot 22908 12816 Received 1 new updates
DEBUG 2024-09-10 17:47:00,611 async_telebot 22908 12816 Processing updates: {'update_id': 738748263, 'message': {'content_type': 'text', 'id': 9, 'message_id': 9, 'from_user': <telebot.types.User object at 0x000001C9CB8474C0>, 'date': 1725979621, 'chat': <telebot.types.Chat object at 0x000001C9CB854FD0>, 'sender_chat': None, 'is_automatic_forward': None, 'reply_to_message': None, 'via_bot': None, 'edit_date': None, 'has_protected_content': None, 'media_group_id': None, 'author_signature': None, 'text': '/start', 'entities': [<telebot.types.MessageEntity object at 0x000001C9CB854FA0>], 'caption_entities': None, 'audio': None, 'document': None, 'photo': None, 'sticker': None, 'video': None, 'video_note': None, 'voice': None, 'caption': None, 'contact': None, 'location': None, 'venue': None, 'animation': None, 'dice': None, 'new_chat_members': None, 'left_chat_member': None, 'new_chat_title': None, 'new_chat_photo': None, 'delete_chat_photo': None, 'group_chat_created': None, 'supergroup_chat_created': None, 'channel_chat_created': None, 'migrate_to_chat_id': None, 'migrate_from_chat_id': None, 'pinned_message': None, 'invoice': None, 'successful_payment': None, 'connected_website': None, 'reply_markup': None, 'message_thread_id': None, 'is_topic_message': None, 'chat_background_set': None, 'forum_topic_created': None, 'forum_topic_closed': None, 'forum_topic_reopened': None, 'has_media_spoiler': None, 'forum_topic_edited': None, 'general_forum_topic_hidden': None, 'general_forum_topic_unhidden': None, 'write_access_allowed': None, 'users_shared': None, 'chat_shared': None, 'story': None, 'external_reply': None, 'quote': None, 'link_preview_options': None, 'giveaway_created': None, 'giveaway': None, 'giveaway_winners': None, 'giveaway_completed': None, 'forward_origin': None, 'boost_added': None, 'sender_boost_count': None, 'reply_to_story': None, 'sender_business_bot': None, 'business_connection_id': None, 'is_from_offline': None, 'effect_id': None, 'show_caption_above_media': None, 'paid_media': None, 'refunded_payment': None, 'proximity_alert_triggered': None, 'video_chat_scheduled': None, 'video_chat_started': None, 'video_chat_ended': None, 'video_chat_participants_invited': None, 'web_app_data': None, 'message_auto_delete_timer_changed': None, 'json': {'message_id': 9, 'from': {'id': 1081179210, 'is_bot': False, 'first_name': 'Anton', 'username': 'antony_work', 'language_code': 'ru'}, 'chat': {'id': 1081179210, 'first_name': 'Anton', 'username': 'antony_work', 'type': 'private'}, 'date': 1725979621, 'text': '/start', 'entities': [{'offset': 0, 'length': 6, 'type': 'bot_command'}]}}, 'edited_message': None, 'channel_post': None, 'edited_channel_post': None, 'inline_query': None, 'chosen_inline_result': None, 'callback_query': None, 'shipping_query': None, 'pre_checkout_query': None, 'poll': None, 'poll_answer': None, 'my_chat_member': None, 'chat_member': None, 'chat_join_request': None, 'message_reaction': None, 'message_reaction_count': None, 'removed_chat_boost': None, 'chat_boost': None, 'business_connection': None, 'business_message': None, 'edited_business_message': None, 'deleted_business_messages': None}
DEBUG 2024-09-10 17:47:00,909 asyncio_helper 22908 12816 Request: method=get url=sendMessage params=<aiohttp.formdata.FormData object at 0x000001C9CB8545B0> files=None request_timeout=300 current_try=1
DEBUG 2024-09-10 17:47:20,677 asyncio_helper 22908 12816 Request: method=get url=getUpdates params=<aiohttp.formdata.FormData object at 0x000001C9CB854730> files=None request_timeout=300 current_try=1
DEBUG 2024-09-10 17:47:40,724 asyncio_helper 22908 12816 Request: method=get url=getUpdates params=<aiohttp.formdata.FormData object at 0x000001C9CB8474C0> files=None request_timeout=300 current_try=1
DEBUG 2024-09-10 17:48:00,785 asyncio_helper 22908 12816 Request: method=get url=getUpdates params=<aiohttp.formdata.FormData object at 0x000001C9CB854FA0> files=None request_timeout=300 current_try=1
DEBUG 2024-09-10 17:48:20,839 asyncio_helper 22908 12816 Request: method=get url=getUpdates params=<aiohttp.formdata.FormData object at 0x000001C9CB8474C0> files=None request_timeout=300 current_try=1
DEBUG 2024-09-10 17:48:40,909 asyncio_helper 22908 12816 Request: method=get url=getUpdates params=<aiohttp.formdata.FormData object at 0x000001C9CB8474C0> files=None request_timeout=300 current_try=1
DEBUG 2024-09-10 17:49:00,984 asyncio_helper 22908 12816 Request: method=get url=getUpdates params=<aiohttp.formdata.FormData object at 0x000001C9CB8474C0> files=None request_timeout=300 current_try=1
DEBUG 2024-09-10 17:49:21,067 asyncio_helper 22908 12816 Request: method=get url=getUpdates params=<aiohttp.formdata.FormData object at 0x000001C9CB8474C0> files=None request_timeout=300 current_try=1
DEBUG 2024-09-10 17:49:41,120 asyncio_helper 22908 12816 Request: method=get url=getUpdates params=<aiohttp.formdata.FormData object at 0x000001C9CB8474C0> files=None request_timeout=300 current_try=1
DEBUG 2024-09-10 17:50:01,177 asyncio_helper 22908 12816 Request: method=get url=getUpdates params=<aiohttp.formdata.FormData object at 0x000001C9CB8474C0> files=None request_timeout=300 current_try=1
WARNING 2024-09-10 17:50:14,007 async_telebot 22908 12816 Polling is stopped.
ERROR 2024-09-10 17:50:14,009 base_events 22908 12816 unhandled exception during asyncio.run() shutdown
task: <Task finished name='Task-1' coro=<AsyncTeleBot.infinity_polling() done, defined at C:\Users\User\AppData\Local\pypoetry\Cache\virtualenvs\django-telegram-L_fZ-PaS-py3.9\lib\site-packages\telebot\async_telebot.py:312> exception=TypeError("'>=' not supported between instances of 'str' and 'int'")>
Traceback (most recent call last):
  File "C:\Users\User\AppData\Local\Programs\Python\Python39\lib\asyncio\runners.py", line 44, in run
    return loop.run_until_complete(main)
  File "C:\Users\User\AppData\Local\Programs\Python\Python39\lib\asyncio\base_events.py", line 634, in run_until_complete
    self.run_forever()
  File "C:\Users\User\AppData\Local\Programs\Python\Python39\lib\asyncio\windows_events.py", line 321, in run_forever
    super().run_forever()
  File "C:\Users\User\AppData\Local\Programs\Python\Python39\lib\asyncio\base_events.py", line 601, in run_forever
    self._run_once()
  File "C:\Users\User\AppData\Local\Programs\Python\Python39\lib\asyncio\base_events.py", line 1869, in _run_once
    event_list = self._selector.select(timeout)
  File "C:\Users\User\AppData\Local\Programs\Python\Python39\lib\asyncio\windows_events.py", line 439, in select
    self._poll(timeout)
  File "C:\Users\User\AppData\Local\Programs\Python\Python39\lib\asyncio\windows_events.py", line 788, in _poll
    status = _overlapped.GetQueuedCompletionStatus(self._iocp, ms)
KeyboardInterrupt

During handling of the above exception, another exception occurred:

Traceback (most recent call last):
  File "C:\Users\User\AppData\Local\pypoetry\Cache\virtualenvs\django-telegram-L_fZ-PaS-py3.9\lib\site-packages\telebot\async_telebot.py", line 370, in infinity_polling
    if logger_level and logger_level >= logging.INFO:
TypeError: '>=' not supported between instances of 'str' and 'int'
DEBUG 2024-09-10 17:53:22,832 proactor_events 32192 14004 Using proactor: IocpProactor
DEBUG 2024-09-10 17:53:23,103 asyncio_helper 32192 14004 Request: method=get url=getMe params=<aiohttp.formdata.FormData object at 0x0000025CA24FF7C0> files=None request_timeout=300 current_try=1
INFO 2024-09-10 17:53:23,104 async_telebot 32192 14004 Starting your bot with username: [@webtg_analytics_bot]
DEBUG 2024-09-10 17:53:43,163 asyncio_helper 32192 14004 Request: method=get url=getUpdates params=<aiohttp.formdata.FormData object at 0x0000025CA24F6D90> files=None request_timeout=300 current_try=1
DEBUG 2024-09-10 17:54:03,293 asyncio_helper 32192 14004 Request: method=get url=getUpdates params=<aiohttp.formdata.FormData object at 0x0000025CA24F6D90> files=None request_timeout=300 current_try=1
DEBUG 2024-09-10 17:54:22,659 asyncio_helper 32192 14004 Request: method=get url=getUpdates params=<aiohttp.formdata.FormData object at 0x0000025CA24F6820> files=None request_timeout=300 current_try=1
INFO 2024-09-10 17:54:22,660 async_telebot 32192 14004 Received 1 new updates
DEBUG 2024-09-10 17:54:22,661 async_telebot 32192 14004 Processing updates: {'update_id': 738748264, 'message': {'content_type': 'text', 'id': 11, 'message_id': 11, 'from_user': <telebot.types.User object at 0x0000025CA24F6820>, 'date': 1725980063, 'chat': <telebot.types.Chat object at 0x0000025CA24F6D90>, 'sender_chat': None, 'is_automatic_forward': None, 'reply_to_message': None, 'via_bot': None, 'edit_date': None, 'has_protected_content': None, 'media_group_id': None, 'author_signature': None, 'text': '/start', 'entities': [<telebot.types.MessageEntity object at 0x0000025CA24F6B80>], 'caption_entities': None, 'audio': None, 'document': None, 'photo': None, 'sticker': None, 'video': None, 'video_note': None, 'voice': None, 'caption': None, 'contact': None, 'location': None, 'venue': None, 'animation': None, 'dice': None, 'new_chat_members': None, 'left_chat_member': None, 'new_chat_title': None, 'new_chat_photo': None, 'delete_chat_photo': None, 'group_chat_created': None, 'supergroup_chat_created': None, 'channel_chat_created': None, 'migrate_to_chat_id': None, 'migrate_from_chat_id': None, 'pinned_message': None, 'invoice': None, 'successful_payment': None, 'connected_website': None, 'reply_markup': None, 'message_thread_id': None, 'is_topic_message': None, 'chat_background_set': None, 'forum_topic_created': None, 'forum_topic_closed': None, 'forum_topic_reopened': None, 'has_media_spoiler': None, 'forum_topic_edited': None, 'general_forum_topic_hidden': None, 'general_forum_topic_unhidden': None, 'write_access_allowed': None, 'users_shared': None, 'chat_shared': None, 'story': None, 'external_reply': None, 'quote': None, 'link_preview_options': None, 'giveaway_created': None, 'giveaway': None, 'giveaway_winners': None, 'giveaway_completed': None, 'forward_origin': None, 'boost_added': None, 'sender_boost_count': None, 'reply_to_story': None, 'sender_business_bot': None, 'business_connection_id': None, 'is_from_offline': None, 'effect_id': None, 'show_caption_above_media': None, 'paid_media': None, 'refunded_payment': None, 'proximity_alert_triggered': None, 'video_chat_scheduled': None, 'video_chat_started': None, 'video_chat_ended': None, 'video_chat_participants_invited': None, 'web_app_data': None, 'message_auto_delete_timer_changed': None, 'json': {'message_id': 11, 'from': {'id': 1081179210, 'is_bot': False, 'first_name': 'Anton', 'username': 'antony_work', 'language_code': 'ru'}, 'chat': {'id': 1081179210, 'first_name': 'Anton', 'username': 'antony_work', 'type': 'private'}, 'date': 1725980063, 'text': '/start', 'entities': [{'offset': 0, 'length': 6, 'type': 'bot_command'}]}}, 'edited_message': None, 'channel_post': None, 'edited_channel_post': None, 'inline_query': None, 'chosen_inline_result': None, 'callback_query': None, 'shipping_query': None, 'pre_checkout_query': None, 'poll': None, 'poll_answer': None, 'my_chat_member': None, 'chat_member': None, 'chat_join_request': None, 'message_reaction': None, 'message_reaction_count': None, 'removed_chat_boost': None, 'chat_boost': None, 'business_connection': None, 'business_message': None, 'edited_business_message': None, 'deleted_business_messages': None}
DEBUG 2024-09-10 17:54:22,908 asyncio_helper 32192 14004 Request: method=get url=sendMessage params=<aiohttp.formdata.FormData object at 0x0000025CA2541460> files=None request_timeout=300 current_try=1
DEBUG 2024-09-10 17:54:28,692 asyncio_helper 32192 14004 Request: method=get url=getUpdates params=<aiohttp.formdata.FormData object at 0x0000025CA25036D0> files=None request_timeout=300 current_try=1
INFO 2024-09-10 17:54:28,694 async_telebot 32192 14004 Received 1 new updates
DEBUG 2024-09-10 17:54:28,694 async_telebot 32192 14004 Processing updates: {'update_id': 738748265, 'message': None, 'edited_message': None, 'channel_post': {'content_type': 'text', 'id': 4, 'message_id': 4, 'from_user': None, 'date': 1725980069, 'chat': <telebot.types.Chat object at 0x0000025CA25036D0>, 'sender_chat': <telebot.types.Chat object at 0x0000025CA2503580>, 'is_automatic_forward': None, 'reply_to_message': None, 'via_bot': None, 'edit_date': None, 'has_protected_content': None, 'media_group_id': None, 'author_signature': None, 'text': 'l', 'entities': None, 'caption_entities': None, 'audio': None, 'document': None, 'photo': None, 'sticker': None, 'video': None, 'video_note': None, 'voice': None, 'caption': None, 'contact': None, 'location': None, 'venue': None, 'animation': None, 'dice': None, 'new_chat_members': None, 'left_chat_member': None, 'new_chat_title': None, 'new_chat_photo': None, 'delete_chat_photo': None, 'group_chat_created': None, 'supergroup_chat_created': None, 'channel_chat_created': None, 'migrate_to_chat_id': None, 'migrate_from_chat_id': None, 'pinned_message': None, 'invoice': None, 'successful_payment': None, 'connected_website': None, 'reply_markup': None, 'message_thread_id': None, 'is_topic_message': None, 'chat_background_set': None, 'forum_topic_created': None, 'forum_topic_closed': None, 'forum_topic_reopened': None, 'has_media_spoiler': None, 'forum_topic_edited': None, 'general_forum_topic_hidden': None, 'general_forum_topic_unhidden': None, 'write_access_allowed': None, 'users_shared': None, 'chat_shared': None, 'story': None, 'external_reply': None, 'quote': None, 'link_preview_options': None, 'giveaway_created': None, 'giveaway': None, 'giveaway_winners': None, 'giveaway_completed': None, 'forward_origin': None, 'boost_added': None, 'sender_boost_count': None, 'reply_to_story': None, 'sender_business_bot': None, 'business_connection_id': None, 'is_from_offline': None, 'effect_id': None, 'show_caption_above_media': None, 'paid_media': None, 'refunded_payment': None, 'proximity_alert_triggered': None, 'video_chat_scheduled': None, 'video_chat_started': None, 'video_chat_ended': None, 'video_chat_participants_invited': None, 'web_app_data': None, 'message_auto_delete_timer_changed': None, 'json': {'message_id': 4, 'sender_chat': {'id': -1002205751665, 'title': 'News Polls', 'username': 'news_about_polls', 'type': 'channel'}, 'chat': {'id': -1002205751665, 'title': 'News Polls', 'username': 'news_about_polls', 'type': 'channel'}, 'date': 1725980069, 'text': 'l'}}, 'edited_channel_post': None, 'inline_query': None, 'chosen_inline_result': None, 'callback_query': None, 'shipping_query': None, 'pre_checkout_query': None, 'poll': None, 'poll_answer': None, 'my_chat_member': None, 'chat_member': None, 'chat_join_request': None, 'message_reaction': None, 'message_reaction_count': None, 'removed_chat_boost': None, 'chat_boost': None, 'business_connection': None, 'business_message': None, 'edited_business_message': None, 'deleted_business_messages': None}
DEBUG 2024-09-10 17:54:48,747 asyncio_helper 32192 14004 Request: method=get url=getUpdates params=<aiohttp.formdata.FormData object at 0x0000025CA24F6580> files=None request_timeout=300 current_try=1
DEBUG 2024-09-10 17:54:54,899 asyncio_helper 32192 14004 Request: method=get url=getUpdates params=<aiohttp.formdata.FormData object at 0x0000025CA24F6580> files=None request_timeout=300 current_try=1
INFO 2024-09-10 17:54:54,902 async_telebot 32192 14004 Received 1 new updates
DEBUG 2024-09-10 17:54:54,903 async_telebot 32192 14004 Processing updates: {'update_id': 738748266, 'message': None, 'edited_message': None, 'channel_post': {'content_type': 'text', 'id': 5, 'message_id': 5, 'from_user': None, 'date': 1725980095, 'chat': <telebot.types.Chat object at 0x0000025CA24F6B80>, 'sender_chat': <telebot.types.Chat object at 0x0000025CA24F6E80>, 'is_automatic_forward': None, 'reply_to_message': None, 'via_bot': None, 'edit_date': None, 'has_protected_content': None, 'media_group_id': None, 'author_signature': None, 'text': ';', 'entities': None, 'caption_entities': None, 'audio': None, 'document': None, 'photo': None, 'sticker': None, 'video': None, 'video_note': None, 'voice': None, 'caption': None, 'contact': None, 'location': None, 'venue': None, 'animation': None, 'dice': None, 'new_chat_members': None, 'left_chat_member': None, 'new_chat_title': None, 'new_chat_photo': None, 'delete_chat_photo': None, 'group_chat_created': None, 'supergroup_chat_created': None, 'channel_chat_created': None, 'migrate_to_chat_id': None, 'migrate_from_chat_id': None, 'pinned_message': None, 'invoice': None, 'successful_payment': None, 'connected_website': None, 'reply_markup': None, 'message_thread_id': None, 'is_topic_message': None, 'chat_background_set': None, 'forum_topic_created': None, 'forum_topic_closed': None, 'forum_topic_reopened': None, 'has_media_spoiler': None, 'forum_topic_edited': None, 'general_forum_topic_hidden': None, 'general_forum_topic_unhidden': None, 'write_access_allowed': None, 'users_shared': None, 'chat_shared': None, 'story': None, 'external_reply': None, 'quote': None, 'link_preview_options': None, 'giveaway_created': None, 'giveaway': None, 'giveaway_winners': None, 'giveaway_completed': None, 'forward_origin': None, 'boost_added': None, 'sender_boost_count': None, 'reply_to_story': None, 'sender_business_bot': None, 'business_connection_id': None, 'is_from_offline': None, 'effect_id': None, 'show_caption_above_media': None, 'paid_media': None, 'refunded_payment': None, 'proximity_alert_triggered': None, 'video_chat_scheduled': None, 'video_chat_started': None, 'video_chat_ended': None, 'video_chat_participants_invited': None, 'web_app_data': None, 'message_auto_delete_timer_changed': None, 'json': {'message_id': 5, 'sender_chat': {'id': -1002205751665, 'title': 'News Polls', 'username': 'news_about_polls', 'type': 'channel'}, 'chat': {'id': -1002205751665, 'title': 'News Polls', 'username': 'news_about_polls', 'type': 'channel'}, 'date': 1725980095, 'text': ';'}}, 'edited_channel_post': None, 'inline_query': None, 'chosen_inline_result': None, 'callback_query': None, 'shipping_query': None, 'pre_checkout_query': None, 'poll': None, 'poll_answer': None, 'my_chat_member': None, 'chat_member': None, 'chat_join_request': None, 'message_reaction': None, 'message_reaction_count': None, 'removed_chat_boost': None, 'chat_boost': None, 'business_connection': None, 'business_message': None, 'edited_business_message': None, 'deleted_business_messages': None}
WARNING 2024-09-10 17:55:13,293 async_telebot 32192 14004 Polling is stopped.
ERROR 2024-09-10 17:55:13,316 base_events 32192 14004 unhandled exception during asyncio.run() shutdown
task: <Task finished name='Task-1' coro=<AsyncTeleBot.infinity_polling() done, defined at C:\Users\User\AppData\Local\pypoetry\Cache\virtualenvs\django-telegram-L_fZ-PaS-py3.9\lib\site-packages\telebot\async_telebot.py:312> exception=TypeError("'>=' not supported between instances of 'str' and 'int'")>
Traceback (most recent call last):
  File "C:\Users\User\AppData\Local\Programs\Python\Python39\lib\asyncio\runners.py", line 44, in run
    return loop.run_until_complete(main)
  File "C:\Users\User\AppData\Local\Programs\Python\Python39\lib\asyncio\base_events.py", line 634, in run_until_complete
    self.run_forever()
  File "C:\Users\User\AppData\Local\Programs\Python\Python39\lib\asyncio\windows_events.py", line 321, in run_forever
    super().run_forever()
  File "C:\Users\User\AppData\Local\Programs\Python\Python39\lib\asyncio\base_events.py", line 601, in run_forever
    self._run_once()
  File "C:\Users\User\AppData\Local\Programs\Python\Python39\lib\asyncio\base_events.py", line 1869, in _run_once
    event_list = self._selector.select(timeout)
  File "C:\Users\User\AppData\Local\Programs\Python\Python39\lib\asyncio\windows_events.py", line 439, in select
    self._poll(timeout)
  File "C:\Users\User\AppData\Local\Programs\Python\Python39\lib\asyncio\windows_events.py", line 788, in _poll
    status = _overlapped.GetQueuedCompletionStatus(self._iocp, ms)
KeyboardInterrupt

During handling of the above exception, another exception occurred:

Traceback (most recent call last):
  File "C:\Users\User\AppData\Local\pypoetry\Cache\virtualenvs\django-telegram-L_fZ-PaS-py3.9\lib\site-packages\telebot\async_telebot.py", line 370, in infinity_polling
    if logger_level and logger_level >= logging.INFO:
TypeError: '>=' not supported between instances of 'str' and 'int'
DEBUG 2024-09-10 17:55:15,613 proactor_events 30388 18476 Using proactor: IocpProactor
DEBUG 2024-09-10 17:55:15,861 asyncio_helper 30388 18476 Request: method=get url=getMe params=<aiohttp.formdata.FormData object at 0x0000024C846B0A30> files=None request_timeout=300 current_try=1
INFO 2024-09-10 17:55:15,861 async_telebot 30388 18476 Starting your bot with username: [@webtg_analytics_bot]
DEBUG 2024-09-10 17:55:23,017 asyncio_helper 30388 18476 Request: method=get url=getUpdates params=<aiohttp.formdata.FormData object at 0x0000024C846A8520> files=None request_timeout=300 current_try=1
INFO 2024-09-10 17:55:23,019 async_telebot 30388 18476 Received 1 new updates
DEBUG 2024-09-10 17:55:23,019 async_telebot 30388 18476 Processing updates: {'update_id': 738748267, 'message': None, 'edited_message': None, 'channel_post': {'content_type': 'text', 'id': 6, 'message_id': 6, 'from_user': None, 'date': 1725980123, 'chat': <telebot.types.Chat object at 0x0000024C846A86D0>, 'sender_chat': <telebot.types.Chat object at 0x0000024C846B59A0>, 'is_automatic_forward': None, 'reply_to_message': None, 'via_bot': None, 'edit_date': None, 'has_protected_content': None, 'media_group_id': None, 'author_signature': None, 'text': 'Hi, I am EchoBot.\nJust write me something and I will repeat it!', 'entities': None, 'caption_entities': None, 'audio': None, 'document': None, 'photo': None, 'sticker': None, 'video': None, 'video_note': None, 'voice': None, 'caption': None, 'contact': None, 'location': None, 'venue': None, 'animation': None, 'dice': None, 'new_chat_members': None, 'left_chat_member': None, 'new_chat_title': None, 'new_chat_photo': None, 'delete_chat_photo': None, 'group_chat_created': None, 'supergroup_chat_created': None, 'channel_chat_created': None, 'migrate_to_chat_id': None, 'migrate_from_chat_id': None, 'pinned_message': None, 'invoice': None, 'successful_payment': None, 'connected_website': None, 'reply_markup': None, 'message_thread_id': None, 'is_topic_message': None, 'chat_background_set': None, 'forum_topic_created': None, 'forum_topic_closed': None, 'forum_topic_reopened': None, 'has_media_spoiler': None, 'forum_topic_edited': None, 'general_forum_topic_hidden': None, 'general_forum_topic_unhidden': None, 'write_access_allowed': None, 'users_shared': None, 'chat_shared': None, 'story': None, 'external_reply': None, 'quote': None, 'link_preview_options': None, 'giveaway_created': None, 'giveaway': None, 'giveaway_winners': None, 'giveaway_completed': None, 'forward_origin': <telebot.types.MessageOriginUser object at 0x0000024C846B5790>, 'boost_added': None, 'sender_boost_count': None, 'reply_to_story': None, 'sender_business_bot': None, 'business_connection_id': None, 'is_from_offline': None, 'effect_id': None, 'show_caption_above_media': None, 'paid_media': None, 'refunded_payment': None, 'proximity_alert_triggered': None, 'video_chat_scheduled': None, 'video_chat_started': None, 'video_chat_ended': None, 'video_chat_participants_invited': None, 'web_app_data': None, 'message_auto_delete_timer_changed': None, 'json': {'message_id': 6, 'sender_chat': {'id': -1002205751665, 'title': 'News Polls', 'username': 'news_about_polls', 'type': 'channel'}, 'chat': {'id': -1002205751665, 'title': 'News Polls', 'username': 'news_about_polls', 'type': 'channel'}, 'date': 1725980123, 'forward_origin': {'type': 'user', 'sender_user': {'id': 7465284952, 'is_bot': True, 'first_name': 'Webtelegram_analyticsBot', 'username': 'webtg_analytics_bot'}, 'date': 1725980063}, 'forward_from': {'id': 7465284952, 'is_bot': True, 'first_name': 'Webtelegram_analyticsBot', 'username': 'webtg_analytics_bot'}, 'forward_date': 1725980063, 'text': 'Hi, I am EchoBot.\nJust write me something and I will repeat it!'}}, 'edited_channel_post': None, 'inline_query': None, 'chosen_inline_result': None, 'callback_query': None, 'shipping_query': None, 'pre_checkout_query': None, 'poll': None, 'poll_answer': None, 'my_chat_member': None, 'chat_member': None, 'chat_join_request': None, 'message_reaction': None, 'message_reaction_count': None, 'removed_chat_boost': None, 'chat_boost': None, 'business_connection': None, 'business_message': None, 'edited_business_message': None, 'deleted_business_messages': None}
DEBUG 2024-09-10 17:55:43,060 asyncio_helper 30388 18476 Request: method=get url=getUpdates params=<aiohttp.formdata.FormData object at 0x0000024C846B5CA0> files=None request_timeout=300 current_try=1
DEBUG 2024-09-10 17:56:03,133 asyncio_helper 30388 18476 Request: method=get url=getUpdates params=<aiohttp.formdata.FormData object at 0x0000024C846A86D0> files=None request_timeout=300 current_try=1
DEBUG 2024-09-10 17:56:23,185 asyncio_helper 30388 18476 Request: method=get url=getUpdates params=<aiohttp.formdata.FormData object at 0x0000024C846A86D0> files=None request_timeout=300 current_try=1
DEBUG 2024-09-10 17:56:31,665 asyncio_helper 30388 18476 Request: method=get url=getUpdates params=<aiohttp.formdata.FormData object at 0x0000024C84698EE0> files=None request_timeout=300 current_try=1
INFO 2024-09-10 17:56:31,667 async_telebot 30388 18476 Received 1 new updates
DEBUG 2024-09-10 17:56:31,668 async_telebot 30388 18476 Processing updates: {'update_id': 738748268, 'message': {'content_type': 'text', 'id': 13, 'message_id': 13, 'from_user': <telebot.types.User object at 0x0000024C84698FD0>, 'date': 1725980192, 'chat': <telebot.types.Chat object at 0x0000024C84698F40>, 'sender_chat': None, 'is_automatic_forward': None, 'reply_to_message': None, 'via_bot': None, 'edit_date': None, 'has_protected_content': None, 'media_group_id': None, 'author_signature': None, 'text': 'l', 'entities': None, 'caption_entities': None, 'audio': None, 'document': None, 'photo': None, 'sticker': None, 'video': None, 'video_note': None, 'voice': None, 'caption': None, 'contact': None, 'location': None, 'venue': None, 'animation': None, 'dice': None, 'new_chat_members': None, 'left_chat_member': None, 'new_chat_title': None, 'new_chat_photo': None, 'delete_chat_photo': None, 'group_chat_created': None, 'supergroup_chat_created': None, 'channel_chat_created': None, 'migrate_to_chat_id': None, 'migrate_from_chat_id': None, 'pinned_message': None, 'invoice': None, 'successful_payment': None, 'connected_website': None, 'reply_markup': None, 'message_thread_id': None, 'is_topic_message': None, 'chat_background_set': None, 'forum_topic_created': None, 'forum_topic_closed': None, 'forum_topic_reopened': None, 'has_media_spoiler': None, 'forum_topic_edited': None, 'general_forum_topic_hidden': None, 'general_forum_topic_unhidden': None, 'write_access_allowed': None, 'users_shared': None, 'chat_shared': None, 'story': None, 'external_reply': None, 'quote': None, 'link_preview_options': None, 'giveaway_created': None, 'giveaway': None, 'giveaway_winners': None, 'giveaway_completed': None, 'forward_origin': None, 'boost_added': None, 'sender_boost_count': None, 'reply_to_story': None, 'sender_business_bot': None, 'business_connection_id': None, 'is_from_offline': None, 'effect_id': None, 'show_caption_above_media': None, 'paid_media': None, 'refunded_payment': None, 'proximity_alert_triggered': None, 'video_chat_scheduled': None, 'video_chat_started': None, 'video_chat_ended': None, 'video_chat_participants_invited': None, 'web_app_data': None, 'message_auto_delete_timer_changed': None, 'json': {'message_id': 13, 'from': {'id': 1081179210, 'is_bot': False, 'first_name': 'Anton', 'username': 'antony_work', 'language_code': 'ru'}, 'chat': {'id': 1081179210, 'first_name': 'Anton', 'username': 'antony_work', 'type': 'private'}, 'date': 1725980192, 'text': 'l'}}, 'edited_message': None, 'channel_post': None, 'edited_channel_post': None, 'inline_query': None, 'chosen_inline_result': None, 'callback_query': None, 'shipping_query': None, 'pre_checkout_query': None, 'poll': None, 'poll_answer': None, 'my_chat_member': None, 'chat_member': None, 'chat_join_request': None, 'message_reaction': None, 'message_reaction_count': None, 'removed_chat_boost': None, 'chat_boost': None, 'business_connection': None, 'business_message': None, 'edited_business_message': None, 'deleted_business_messages': None}
DEBUG 2024-09-10 17:56:31,889 asyncio_helper 30388 18476 Request: method=get url=sendMessage params=<aiohttp.formdata.FormData object at 0x0000024C846EF3D0> files=None request_timeout=300 current_try=1
DEBUG 2024-09-10 17:56:40,586 asyncio_helper 30388 18476 Request: method=get url=getUpdates params=<aiohttp.formdata.FormData object at 0x0000024C846A86D0> files=None request_timeout=300 current_try=1
INFO 2024-09-10 17:56:40,588 async_telebot 30388 18476 Received 1 new updates
DEBUG 2024-09-10 17:56:40,598 async_telebot 30388 18476 Processing updates: {'update_id': 738748269, 'message': {'content_type': 'text', 'id': 15, 'message_id': 15, 'from_user': <telebot.types.User object at 0x0000024C846A8520>, 'date': 1725980201, 'chat': <telebot.types.Chat object at 0x0000024C846B56D0>, 'sender_chat': None, 'is_automatic_forward': None, 'reply_to_message': None, 'via_bot': None, 'edit_date': None, 'has_protected_content': None, 'media_group_id': None, 'author_signature': None, 'text': '', 'entities': None, 'caption_entities': None, 'audio': None, 'document': None, 'photo': None, 'sticker': None, 'video': None, 'video_note': None, 'voice': None, 'caption': None, 'contact': None, 'location': None, 'venue': None, 'animation': None, 'dice': None, 'new_chat_members': None, 'left_chat_member': None, 'new_chat_title': None, 'new_chat_photo': None, 'delete_chat_photo': None, 'group_chat_created': None, 'supergroup_chat_created': None, 'channel_chat_created': None, 'migrate_to_chat_id': None, 'migrate_from_chat_id': None, 'pinned_message': None, 'invoice': None, 'successful_payment': None, 'connected_website': None, 'reply_markup': None, 'message_thread_id': None, 'is_topic_message': None, 'chat_background_set': None, 'forum_topic_created': None, 'forum_topic_closed': None, 'forum_topic_reopened': None, 'has_media_spoiler': None, 'forum_topic_edited': None, 'general_forum_topic_hidden': None, 'general_forum_topic_unhidden': None, 'write_access_allowed': None, 'users_shared': None, 'chat_shared': None, 'story': None, 'external_reply': None, 'quote': None, 'link_preview_options': None, 'giveaway_created': None, 'giveaway': None, 'giveaway_winners': None, 'giveaway_completed': None, 'forward_origin': <telebot.types.MessageOriginChannel object at 0x0000024C846B5F10>, 'boost_added': None, 'sender_boost_count': None, 'reply_to_story': None, 'sender_business_bot': None, 'business_connection_id': None, 'is_from_offline': None, 'effect_id': None, 'show_caption_above_media': None, 'paid_media': None, 'refunded_payment': None, 'proximity_alert_triggered': None, 'video_chat_scheduled': None, 'video_chat_started': None, 'video_chat_ended': None, 'video_chat_participants_invited': None, 'web_app_data': None, 'message_auto_delete_timer_changed': None, 'json': {'message_id': 15, 'from': {'id': 1081179210, 'is_bot': False, 'first_name': 'Anton', 'username': 'antony_work', 'language_code': 'ru'}, 'chat': {'id': 1081179210, 'first_name': 'Anton', 'username': 'antony_work', 'type': 'private'}, 'date': 1725980201, 'forward_origin': {'type': 'channel', 'chat': {'id': -1002205751665, 'title': 'News Polls', 'username': 'news_about_polls', 'type': 'channel'}, 'message_id': 3, 'date': 1723715177}, 'forward_from_chat': {'id': -1002205751665, 'title': 'News Polls', 'username': 'news_about_polls', 'type': 'channel'}, 'forward_from_message_id': 3, 'forward_date': 1723715177, 'text': ''}}, 'edited_message': None, 'channel_post': None, 'edited_channel_post': None, 'inline_query': None, 'chosen_inline_result': None, 'callback_query': None, 'shipping_query': None, 'pre_checkout_query': None, 'poll': None, 'poll_answer': None, 'my_chat_member': None, 'chat_member': None, 'chat_join_request': None, 'message_reaction': None, 'message_reaction_count': None, 'removed_chat_boost': None, 'chat_boost': None, 'business_connection': None, 'business_message': None, 'edited_business_message': None, 'deleted_business_messages': None}
DEBUG 2024-09-10 17:56:40,704 asyncio_helper 30388 18476 Request: method=get url=sendMessage params=<aiohttp.formdata.FormData object at 0x0000024C846EF3A0> files=None request_timeout=300 current_try=1
DEBUG 2024-09-10 17:57:00,652 asyncio_helper 30388 18476 Request: method=get url=getUpdates params=<aiohttp.formdata.FormData object at 0x0000024C84698E80> files=None request_timeout=300 current_try=1
DEBUG 2024-09-10 17:57:18,445 asyncio_helper 30388 18476 Request: method=get url=getUpdates params=<aiohttp.formdata.FormData object at 0x0000024C846A8520> files=None request_timeout=300 current_try=1
INFO 2024-09-10 17:57:18,448 async_telebot 30388 18476 Received 1 new updates
DEBUG 2024-09-10 17:57:18,448 async_telebot 30388 18476 Processing updates: {'update_id': 738748270, 'message': None, 'edited_message': None, 'channel_post': None, 'edited_channel_post': None, 'inline_query': None, 'chosen_inline_result': None, 'callback_query': None, 'shipping_query': None, 'pre_checkout_query': None, 'poll': None, 'poll_answer': None, 'my_chat_member': {'chat': <telebot.types.Chat object at 0x0000024C84698E80>, 'from_user': <telebot.types.User object at 0x0000024C84698EE0>, 'date': 1725980238, 'old_chat_member': <telebot.types.ChatMemberLeft object at 0x0000024C84698FD0>, 'new_chat_member': <telebot.types.ChatMemberAdministrator object at 0x0000024C846B5550>, 'invite_link': None, 'via_join_request': None, 'via_chat_folder_invite_link': None}, 'chat_member': None, 'chat_join_request': None, 'message_reaction': None, 'message_reaction_count': None, 'removed_chat_boost': None, 'chat_boost': None, 'business_connection': None, 'business_message': None, 'edited_business_message': None, 'deleted_business_messages': None}
DEBUG 2024-09-10 17:57:18,508 asyncio_helper 30388 18476 Request: method=get url=getUpdates params=<aiohttp.formdata.FormData object at 0x0000024C846B56D0> files=None request_timeout=300 current_try=1
INFO 2024-09-10 17:57:18,509 async_telebot 30388 18476 Received 1 new updates
DEBUG 2024-09-10 17:57:18,510 async_telebot 30388 18476 Processing updates: {'update_id': 738748271, 'message': {'content_type': 'new_chat_members', 'id': 8, 'message_id': 8, 'from_user': <telebot.types.User object at 0x0000024C846B5E50>, 'date': 1725980238, 'chat': <telebot.types.Chat object at 0x0000024C846B56D0>, 'sender_chat': <telebot.types.Chat object at 0x0000024C846B55B0>, 'is_automatic_forward': None, 'reply_to_message': None, 'via_bot': None, 'edit_date': None, 'has_protected_content': None, 'media_group_id': None, 'author_signature': None, 'text': None, 'entities': None, 'caption_entities': None, 'audio': None, 'document': None, 'photo': None, 'sticker': None, 'video': None, 'video_note': None, 'voice': None, 'caption': None, 'contact': None, 'location': None, 'venue': None, 'animation': None, 'dice': None, 'new_chat_members': [<telebot.types.User object at 0x0000024C846B5610>], 'left_chat_member': None, 'new_chat_title': None, 'new_chat_photo': None, 'delete_chat_photo': None, 'group_chat_created': None, 'supergroup_chat_created': None, 'channel_chat_created': None, 'migrate_to_chat_id': None, 'migrate_from_chat_id': None, 'pinned_message': None, 'invoice': None, 'successful_payment': None, 'connected_website': None, 'reply_markup': None, 'message_thread_id': None, 'is_topic_message': None, 'chat_background_set': None, 'forum_topic_created': None, 'forum_topic_closed': None, 'forum_topic_reopened': None, 'has_media_spoiler': None, 'forum_topic_edited': None, 'general_forum_topic_hidden': None, 'general_forum_topic_unhidden': None, 'write_access_allowed': None, 'users_shared': None, 'chat_shared': None, 'story': None, 'external_reply': None, 'quote': None, 'link_preview_options': None, 'giveaway_created': None, 'giveaway': None, 'giveaway_winners': None, 'giveaway_completed': None, 'forward_origin': None, 'boost_added': None, 'sender_boost_count': None, 'reply_to_story': None, 'sender_business_bot': None, 'business_connection_id': None, 'is_from_offline': None, 'effect_id': None, 'show_caption_above_media': None, 'paid_media': None, 'refunded_payment': None, 'proximity_alert_triggered': None, 'video_chat_scheduled': None, 'video_chat_started': None, 'video_chat_ended': None, 'video_chat_participants_invited': None, 'web_app_data': None, 'message_auto_delete_timer_changed': None, 'json': {'message_id': 8, 'from': {'id': 1087968824, 'is_bot': True, 'first_name': 'Group', 'username': 'GroupAnonymousBot'}, 'sender_chat': {'id': -1002151732607, 'title': '', 'username': 'supergroupsssss', 'type': 'supergroup'}, 'chat': {'id': -1002151732607, 'title': '', 'username': 'supergroupsssss', 'type': 'supergroup'}, 'date': 1725980238, 'new_chat_participant': {'id': 7465284952, 'is_bot': True, 'first_name': 'Webtelegram_analyticsBot', 'username': 'webtg_analytics_bot'}, 'new_chat_member': {'id': 7465284952, 'is_bot': True, 'first_name': 'Webtelegram_analyticsBot', 'username': 'webtg_analytics_bot'}, 'new_chat_members': [{'id': 7465284952, 'is_bot': True, 'first_name': 'Webtelegram_analyticsBot', 'username': 'webtg_analytics_bot'}]}}, 'edited_message': None, 'channel_post': None, 'edited_channel_post': None, 'inline_query': None, 'chosen_inline_result': None, 'callback_query': None, 'shipping_query': None, 'pre_checkout_query': None, 'poll': None, 'poll_answer': None, 'my_chat_member': None, 'chat_member': None, 'chat_join_request': None, 'message_reaction': None, 'message_reaction_count': None, 'removed_chat_boost': None, 'chat_boost': None, 'business_connection': None, 'business_message': None, 'edited_business_message': None, 'deleted_business_messages': None}
DEBUG 2024-09-10 17:57:22,835 asyncio_helper 30388 18476 Request: method=get url=getUpdates params=<aiohttp.formdata.FormData object at 0x0000024C84698FD0> files=None request_timeout=300 current_try=1
INFO 2024-09-10 17:57:22,837 async_telebot 30388 18476 Received 1 new updates
DEBUG 2024-09-10 17:57:22,837 async_telebot 30388 18476 Processing updates: {'update_id': 738748272, 'message': {'content_type': 'text', 'id': 17, 'message_id': 17, 'from_user': <telebot.types.User object at 0x0000024C84698FD0>, 'date': 1725980243, 'chat': <telebot.types.Chat object at 0x0000024C84698F40>, 'sender_chat': None, 'is_automatic_forward': None, 'reply_to_message': None, 'via_bot': None, 'edit_date': None, 'has_protected_content': None, 'media_group_id': None, 'author_signature': None, 'text': '/start', 'entities': [<telebot.types.MessageEntity object at 0x0000024C84698E80>], 'caption_entities': None, 'audio': None, 'document': None, 'photo': None, 'sticker': None, 'video': None, 'video_note': None, 'voice': None, 'caption': None, 'contact': None, 'location': None, 'venue': None, 'animation': None, 'dice': None, 'new_chat_members': None, 'left_chat_member': None, 'new_chat_title': None, 'new_chat_photo': None, 'delete_chat_photo': None, 'group_chat_created': None, 'supergroup_chat_created': None, 'channel_chat_created': None, 'migrate_to_chat_id': None, 'migrate_from_chat_id': None, 'pinned_message': None, 'invoice': None, 'successful_payment': None, 'connected_website': None, 'reply_markup': None, 'message_thread_id': None, 'is_topic_message': None, 'chat_background_set': None, 'forum_topic_created': None, 'forum_topic_closed': None, 'forum_topic_reopened': None, 'has_media_spoiler': None, 'forum_topic_edited': None, 'general_forum_topic_hidden': None, 'general_forum_topic_unhidden': None, 'write_access_allowed': None, 'users_shared': None, 'chat_shared': None, 'story': None, 'external_reply': None, 'quote': None, 'link_preview_options': None, 'giveaway_created': None, 'giveaway': None, 'giveaway_winners': None, 'giveaway_completed': None, 'forward_origin': None, 'boost_added': None, 'sender_boost_count': None, 'reply_to_story': None, 'sender_business_bot': None, 'business_connection_id': None, 'is_from_offline': None, 'effect_id': None, 'show_caption_above_media': None, 'paid_media': None, 'refunded_payment': None, 'proximity_alert_triggered': None, 'video_chat_scheduled': None, 'video_chat_started': None, 'video_chat_ended': None, 'video_chat_participants_invited': None, 'web_app_data': None, 'message_auto_delete_timer_changed': None, 'json': {'message_id': 17, 'from': {'id': 1081179210, 'is_bot': False, 'first_name': 'Anton', 'username': 'antony_work', 'language_code': 'ru'}, 'chat': {'id': 1081179210, 'first_name': 'Anton', 'username': 'antony_work', 'type': 'private'}, 'date': 1725980243, 'text': '/start', 'entities': [{'offset': 0, 'length': 6, 'type': 'bot_command'}]}}, 'edited_message': None, 'channel_post': None, 'edited_channel_post': None, 'inline_query': None, 'chosen_inline_result': None, 'callback_query': None, 'shipping_query': None, 'pre_checkout_query': None, 'poll': None, 'poll_answer': None, 'my_chat_member': None, 'chat_member': None, 'chat_join_request': None, 'message_reaction': None, 'message_reaction_count': None, 'removed_chat_boost': None, 'chat_boost': None, 'business_connection': None, 'business_message': None, 'edited_business_message': None, 'deleted_business_messages': None}
DEBUG 2024-09-10 17:57:23,118 asyncio_helper 30388 18476 Request: method=get url=sendMessage params=<aiohttp.formdata.FormData object at 0x0000024C846EF3D0> files=None request_timeout=300 current_try=1
DEBUG 2024-09-10 17:57:32,274 asyncio_helper 30388 18476 Request: method=get url=getUpdates params=<aiohttp.formdata.FormData object at 0x0000024C846B5670> files=None request_timeout=300 current_try=1
INFO 2024-09-10 17:57:32,275 async_telebot 30388 18476 Received 1 new updates
DEBUG 2024-09-10 17:57:32,276 async_telebot 30388 18476 Processing updates: {'update_id': 738748273, 'message': {'content_type': 'text', 'id': 19, 'message_id': 19, 'from_user': <telebot.types.User object at 0x0000024C846B5E50>, 'date': 1725980252, 'chat': <telebot.types.Chat object at 0x0000024C846B5670>, 'sender_chat': None, 'is_automatic_forward': None, 'reply_to_message': None, 'via_bot': None, 'edit_date': None, 'has_protected_content': None, 'media_group_id': None, 'author_signature': None, 'text': 'l', 'entities': None, 'caption_entities': None, 'audio': None, 'document': None, 'photo': None, 'sticker': None, 'video': None, 'video_note': None, 'voice': None, 'caption': None, 'contact': None, 'location': None, 'venue': None, 'animation': None, 'dice': None, 'new_chat_members': None, 'left_chat_member': None, 'new_chat_title': None, 'new_chat_photo': None, 'delete_chat_photo': None, 'group_chat_created': None, 'supergroup_chat_created': None, 'channel_chat_created': None, 'migrate_to_chat_id': None, 'migrate_from_chat_id': None, 'pinned_message': None, 'invoice': None, 'successful_payment': None, 'connected_website': None, 'reply_markup': None, 'message_thread_id': None, 'is_topic_message': None, 'chat_background_set': None, 'forum_topic_created': None, 'forum_topic_closed': None, 'forum_topic_reopened': None, 'has_media_spoiler': None, 'forum_topic_edited': None, 'general_forum_topic_hidden': None, 'general_forum_topic_unhidden': None, 'write_access_allowed': None, 'users_shared': None, 'chat_shared': None, 'story': None, 'external_reply': None, 'quote': None, 'link_preview_options': None, 'giveaway_created': None, 'giveaway': None, 'giveaway_winners': None, 'giveaway_completed': None, 'forward_origin': <telebot.types.MessageOriginChannel object at 0x0000024C846B56D0>, 'boost_added': None, 'sender_boost_count': None, 'reply_to_story': None, 'sender_business_bot': None, 'business_connection_id': None, 'is_from_offline': None, 'effect_id': None, 'show_caption_above_media': None, 'paid_media': None, 'refunded_payment': None, 'proximity_alert_triggered': None, 'video_chat_scheduled': None, 'video_chat_started': None, 'video_chat_ended': None, 'video_chat_participants_invited': None, 'web_app_data': None, 'message_auto_delete_timer_changed': None, 'json': {'message_id': 19, 'from': {'id': 1081179210, 'is_bot': False, 'first_name': 'Anton', 'username': 'antony_work', 'language_code': 'ru'}, 'chat': {'id': 1081179210, 'first_name': 'Anton', 'username': 'antony_work', 'type': 'private'}, 'date': 1725980252, 'forward_origin': {'type': 'channel', 'chat': {'id': -1002205751665, 'title': 'News Polls', 'username': 'news_about_polls', 'type': 'channel'}, 'message_id': 4, 'date': 1725980069}, 'forward_from_chat': {'id': -1002205751665, 'title': 'News Polls', 'username': 'news_about_polls', 'type': 'channel'}, 'forward_from_message_id': 4, 'forward_date': 1725980069, 'text': 'l'}}, 'edited_message': None, 'channel_post': None, 'edited_channel_post': None, 'inline_query': None, 'chosen_inline_result': None, 'callback_query': None, 'shipping_query': None, 'pre_checkout_query': None, 'poll': None, 'poll_answer': None, 'my_chat_member': None, 'chat_member': None, 'chat_join_request': None, 'message_reaction': None, 'message_reaction_count': None, 'removed_chat_boost': None, 'chat_boost': None, 'business_connection': None, 'business_message': None, 'edited_business_message': None, 'deleted_business_messages': None}
DEBUG 2024-09-10 17:57:32,374 asyncio_helper 30388 18476 Request: method=get url=sendMessage params=<aiohttp.formdata.FormData object at 0x0000024C846EFE50> files=None request_timeout=300 current_try=1
DEBUG 2024-09-10 17:57:36,648 asyncio_helper 30388 18476 Request: method=get url=getUpdates params=<aiohttp.formdata.FormData object at 0x0000024C84698E80> files=None request_timeout=300 current_try=1
INFO 2024-09-10 17:57:36,650 async_telebot 30388 18476 Received 1 new updates
DEBUG 2024-09-10 17:57:36,651 async_telebot 30388 18476 Processing updates: {'update_id': 738748274, 'message': {'content_type': 'text', 'id': 21, 'message_id': 21, 'from_user': <telebot.types.User object at 0x0000024C84698F40>, 'date': 1725980257, 'chat': <telebot.types.Chat object at 0x0000024C84698F70>, 'sender_chat': None, 'is_automatic_forward': None, 'reply_to_message': None, 'via_bot': None, 'edit_date': None, 'has_protected_content': None, 'media_group_id': None, 'author_signature': None, 'text': 'l', 'entities': None, 'caption_entities': None, 'audio': None, 'document': None, 'photo': None, 'sticker': None, 'video': None, 'video_note': None, 'voice': None, 'caption': None, 'contact': None, 'location': None, 'venue': None, 'animation': None, 'dice': None, 'new_chat_members': None, 'left_chat_member': None, 'new_chat_title': None, 'new_chat_photo': None, 'delete_chat_photo': None, 'group_chat_created': None, 'supergroup_chat_created': None, 'channel_chat_created': None, 'migrate_to_chat_id': None, 'migrate_from_chat_id': None, 'pinned_message': None, 'invoice': None, 'successful_payment': None, 'connected_website': None, 'reply_markup': None, 'message_thread_id': None, 'is_topic_message': None, 'chat_background_set': None, 'forum_topic_created': None, 'forum_topic_closed': None, 'forum_topic_reopened': None, 'has_media_spoiler': None, 'forum_topic_edited': None, 'general_forum_topic_hidden': None, 'general_forum_topic_unhidden': None, 'write_access_allowed': None, 'users_shared': None, 'chat_shared': None, 'story': None, 'external_reply': None, 'quote': None, 'link_preview_options': None, 'giveaway_created': None, 'giveaway': None, 'giveaway_winners': None, 'giveaway_completed': None, 'forward_origin': <telebot.types.MessageOriginUser object at 0x0000024C846A8520>, 'boost_added': None, 'sender_boost_count': None, 'reply_to_story': None, 'sender_business_bot': None, 'business_connection_id': None, 'is_from_offline': None, 'effect_id': None, 'show_caption_above_media': None, 'paid_media': None, 'refunded_payment': None, 'proximity_alert_triggered': None, 'video_chat_scheduled': None, 'video_chat_started': None, 'video_chat_ended': None, 'video_chat_participants_invited': None, 'web_app_data': None, 'message_auto_delete_timer_changed': None, 'json': {'message_id': 21, 'from': {'id': 1081179210, 'is_bot': False, 'first_name': 'Anton', 'username': 'antony_work', 'language_code': 'ru'}, 'chat': {'id': 1081179210, 'first_name': 'Anton', 'username': 'antony_work', 'type': 'private'}, 'date': 1725980257, 'forward_origin': {'type': 'user', 'sender_user': {'id': 7465284952, 'is_bot': True, 'first_name': 'Webtelegram_analyticsBot', 'username': 'webtg_analytics_bot'}, 'date': 1725980192}, 'forward_from': {'id': 7465284952, 'is_bot': True, 'first_name': 'Webtelegram_analyticsBot', 'username': 'webtg_analytics_bot'}, 'forward_date': 1725980192, 'text': 'l'}}, 'edited_message': None, 'channel_post': None, 'edited_channel_post': None, 'inline_query': None, 'chosen_inline_result': None, 'callback_query': None, 'shipping_query': None, 'pre_checkout_query': None, 'poll': None, 'poll_answer': None, 'my_chat_member': None, 'chat_member': None, 'chat_join_request': None, 'message_reaction': None, 'message_reaction_count': None, 'removed_chat_boost': None, 'chat_boost': None, 'business_connection': None, 'business_message': None, 'edited_business_message': None, 'deleted_business_messages': None}
DEBUG 2024-09-10 17:57:36,735 asyncio_helper 30388 18476 Request: method=get url=sendMessage params=<aiohttp.formdata.FormData object at 0x0000024C846EF9A0> files=None request_timeout=300 current_try=1
DEBUG 2024-09-10 17:57:56,708 asyncio_helper 30388 18476 Request: method=get url=getUpdates params=<aiohttp.formdata.FormData object at 0x0000024C846B5FD0> files=None request_timeout=300 current_try=1
DEBUG 2024-09-10 17:58:16,766 asyncio_helper 30388 18476 Request: method=get url=getUpdates params=<aiohttp.formdata.FormData object at 0x0000024C846A8520> files=None request_timeout=300 current_try=1
DEBUG 2024-09-10 17:58:36,821 asyncio_helper 30388 18476 Request: method=get url=getUpdates params=<aiohttp.formdata.FormData object at 0x0000024C846A8520> files=None request_timeout=300 current_try=1
DEBUG 2024-09-10 17:58:56,876 asyncio_helper 30388 18476 Request: method=get url=getUpdates params=<aiohttp.formdata.FormData object at 0x0000024C846A8520> files=None request_timeout=300 current_try=1
DEBUG 2024-09-10 17:59:16,930 asyncio_helper 30388 18476 Request: method=get url=getUpdates params=<aiohttp.formdata.FormData object at 0x0000024C846A8520> files=None request_timeout=300 current_try=1
DEBUG 2024-09-10 17:59:36,989 asyncio_helper 30388 18476 Request: method=get url=getUpdates params=<aiohttp.formdata.FormData object at 0x0000024C846A8520> files=None request_timeout=300 current_try=1
DEBUG 2024-09-10 17:59:57,046 asyncio_helper 30388 18476 Request: method=get url=getUpdates params=<aiohttp.formdata.FormData object at 0x0000024C846A8520> files=None request_timeout=300 current_try=1
DEBUG 2024-09-10 18:00:17,103 asyncio_helper 30388 18476 Request: method=get url=getUpdates params=<aiohttp.formdata.FormData object at 0x0000024C846A8520> files=None request_timeout=300 current_try=1
DEBUG 2024-09-10 18:00:37,159 asyncio_helper 30388 18476 Request: method=get url=getUpdates params=<aiohttp.formdata.FormData object at 0x0000024C846A8520> files=None request_timeout=300 current_try=1
DEBUG 2024-09-10 18:00:57,216 asyncio_helper 30388 18476 Request: method=get url=getUpdates params=<aiohttp.formdata.FormData object at 0x0000024C846A8520> files=None request_timeout=300 current_try=1
WARNING 2024-09-10 18:01:07,731 async_telebot 30388 18476 Polling is stopped.
ERROR 2024-09-10 18:01:07,731 base_events 30388 18476 unhandled exception during asyncio.run() shutdown
task: <Task finished name='Task-1' coro=<AsyncTeleBot.infinity_polling() done, defined at C:\Users\User\AppData\Local\pypoetry\Cache\virtualenvs\django-telegram-L_fZ-PaS-py3.9\lib\site-packages\telebot\async_telebot.py:312> exception=TypeError("'>=' not supported between instances of 'str' and 'int'")>
Traceback (most recent call last):
  File "C:\Users\User\AppData\Local\Programs\Python\Python39\lib\asyncio\runners.py", line 44, in run
    return loop.run_until_complete(main)
  File "C:\Users\User\AppData\Local\Programs\Python\Python39\lib\asyncio\base_events.py", line 634, in run_until_complete
    self.run_forever()
  File "C:\Users\User\AppData\Local\Programs\Python\Python39\lib\asyncio\windows_events.py", line 321, in run_forever
    super().run_forever()
  File "C:\Users\User\AppData\Local\Programs\Python\Python39\lib\asyncio\base_events.py", line 601, in run_forever
    self._run_once()
  File "C:\Users\User\AppData\Local\Programs\Python\Python39\lib\asyncio\base_events.py", line 1869, in _run_once
    event_list = self._selector.select(timeout)
  File "C:\Users\User\AppData\Local\Programs\Python\Python39\lib\asyncio\windows_events.py", line 439, in select
    self._poll(timeout)
  File "C:\Users\User\AppData\Local\Programs\Python\Python39\lib\asyncio\windows_events.py", line 788, in _poll
    status = _overlapped.GetQueuedCompletionStatus(self._iocp, ms)
KeyboardInterrupt

During handling of the above exception, another exception occurred:

Traceback (most recent call last):
  File "C:\Users\User\AppData\Local\pypoetry\Cache\virtualenvs\django-telegram-L_fZ-PaS-py3.9\lib\site-packages\telebot\async_telebot.py", line 370, in infinity_polling
    if logger_level and logger_level >= logging.INFO:
TypeError: '>=' not supported between instances of 'str' and 'int'
DEBUG 2024-09-10 18:01:42,337 proactor_events 3452 1432 Using proactor: IocpProactor
DEBUG 2024-09-10 18:01:42,557 asyncio_helper 3452 1432 Request: method=get url=getMe params=<aiohttp.formdata.FormData object at 0x000001C613A907C0> files=None request_timeout=300 current_try=1
INFO 2024-09-10 18:01:42,557 async_telebot 3452 1432 Starting your bot with username: [@webtg_analytics_bot]
DEBUG 2024-09-10 18:02:02,615 asyncio_helper 3452 1432 Request: method=get url=getUpdates params=<aiohttp.formdata.FormData object at 0x000001C613A86D90> files=None request_timeout=300 current_try=1
DEBUG 2024-09-10 18:02:22,689 asyncio_helper 3452 1432 Request: method=get url=getUpdates params=<aiohttp.formdata.FormData object at 0x000001C613A86D90> files=None request_timeout=300 current_try=1
DEBUG 2024-09-10 18:02:42,750 asyncio_helper 3452 1432 Request: method=get url=getUpdates params=<aiohttp.formdata.FormData object at 0x000001C613A86820> files=None request_timeout=300 current_try=1
DEBUG 2024-09-10 18:03:02,818 asyncio_helper 3452 1432 Request: method=get url=getUpdates params=<aiohttp.formdata.FormData object at 0x000001C613A86940> files=None request_timeout=300 current_try=1
DEBUG 2024-09-10 18:03:22,898 asyncio_helper 3452 1432 Request: method=get url=getUpdates params=<aiohttp.formdata.FormData object at 0x000001C613A86E80> files=None request_timeout=300 current_try=1
DEBUG 2024-09-10 18:03:42,951 asyncio_helper 3452 1432 Request: method=get url=getUpdates params=<aiohttp.formdata.FormData object at 0x000001C613A86580> files=None request_timeout=300 current_try=1
WARNING 2024-09-10 18:03:44,848 async_telebot 3452 1432 Polling is stopped.
ERROR 2024-09-10 18:03:44,848 base_events 3452 1432 unhandled exception during asyncio.run() shutdown
task: <Task finished name='Task-1' coro=<AsyncTeleBot.infinity_polling() done, defined at C:\Users\User\AppData\Local\pypoetry\Cache\virtualenvs\django-telegram-L_fZ-PaS-py3.9\lib\site-packages\telebot\async_telebot.py:312> exception=TypeError("'>=' not supported between instances of 'str' and 'int'")>
Traceback (most recent call last):
  File "C:\Users\User\AppData\Local\Programs\Python\Python39\lib\asyncio\runners.py", line 44, in run
    return loop.run_until_complete(main)
  File "C:\Users\User\AppData\Local\Programs\Python\Python39\lib\asyncio\base_events.py", line 634, in run_until_complete
    self.run_forever()
  File "C:\Users\User\AppData\Local\Programs\Python\Python39\lib\asyncio\windows_events.py", line 321, in run_forever
    super().run_forever()
  File "C:\Users\User\AppData\Local\Programs\Python\Python39\lib\asyncio\base_events.py", line 601, in run_forever
    self._run_once()
  File "C:\Users\User\AppData\Local\Programs\Python\Python39\lib\asyncio\base_events.py", line 1869, in _run_once
    event_list = self._selector.select(timeout)
  File "C:\Users\User\AppData\Local\Programs\Python\Python39\lib\asyncio\windows_events.py", line 439, in select
    self._poll(timeout)
  File "C:\Users\User\AppData\Local\Programs\Python\Python39\lib\asyncio\windows_events.py", line 788, in _poll
    status = _overlapped.GetQueuedCompletionStatus(self._iocp, ms)
KeyboardInterrupt

During handling of the above exception, another exception occurred:

Traceback (most recent call last):
  File "C:\Users\User\AppData\Local\pypoetry\Cache\virtualenvs\django-telegram-L_fZ-PaS-py3.9\lib\site-packages\telebot\async_telebot.py", line 370, in infinity_polling
    if logger_level and logger_level >= logging.INFO:
TypeError: '>=' not supported between instances of 'str' and 'int'
